2021-05-09 15:33:44.036 [main] INFO  ui.masdjid.Masdjid - Masdjid launched on 09-05-2021 03:33:44 PM
2021-05-09 15:33:52.472 [JavaFX Application Thread] INFO  ui.connexion.ConnexionController - User successfully logged in admin
2021-05-09 15:34:00.942 [Thread-7] INFO  ui.masdjid.Masdjid - Library Assistant is closing on 09-05-2021 03:33:44 PM. Used for 1620570840939 ms
2021-05-09 15:34:23.228 [main] INFO  ui.masdjid.Masdjid - Masdjid launched on 09-05-2021 03:34:23 PM
2021-05-09 15:34:31.878 [Thread-7] INFO  ui.masdjid.Masdjid - Library Assistant is closing on 09-05-2021 03:34:23 PM. Used for 1620570871877 ms
2021-05-09 15:34:43.931 [main] INFO  ui.masdjid.Masdjid - Masdjid launched on 09-05-2021 03:34:43 PM
2021-05-09 15:34:47.816 [Thread-7] INFO  ui.masdjid.Masdjid - Library Assistant is closing on 09-05-2021 03:34:43 PM. Used for 1620570887815 ms
2021-05-09 15:37:53.281 [main] INFO  ui.masdjid.Masdjid - Masdjid launched on 09-05-2021 03:37:53 PM
2021-05-09 15:38:16.599 [Thread-7] INFO  ui.masdjid.Masdjid - Library Assistant is closing on 09-05-2021 03:37:53 PM. Used for 1620571096598 ms
2021-05-09 15:38:55.287 [main] INFO  ui.masdjid.Masdjid - Masdjid launched on 09-05-2021 03:38:55 PM
2021-05-09 15:38:59.372 [Thread-7] INFO  ui.masdjid.Masdjid - Library Assistant is closing on 09-05-2021 03:38:55 PM. Used for 1620571139371 ms
2021-05-09 15:40:06.073 [main] INFO  ui.masdjid.Masdjid - Masdjid launched on 09-05-2021 03:40:06 PM
2021-05-09 15:40:10.317 [Thread-7] INFO  ui.masdjid.Masdjid - Library Assistant is closing on 09-05-2021 03:40:06 PM. Used for 1620571210316 ms
2021-05-09 15:40:31.228 [main] INFO  ui.masdjid.Masdjid - Masdjid launched on 09-05-2021 03:40:31 PM
2021-05-09 15:40:50.192 [Thread-7] INFO  ui.masdjid.Masdjid - Library Assistant is closing on 09-05-2021 03:40:31 PM. Used for 1620571250191 ms
2021-05-09 17:50:24.202 [main] INFO  ui.masdjid.Masdjid - Masdjid launched on 09-05-2021 05:50:24 PM
2021-05-09 17:50:29.423 [Thread-7] INFO  ui.masdjid.Masdjid - Library Assistant is closing on 09-05-2021 05:50:24 PM. Used for 1620579029423 ms
2021-05-09 17:50:40.670 [main] INFO  ui.masdjid.Masdjid - Masdjid launched on 09-05-2021 05:50:40 PM
2021-05-09 17:52:07.005 [Thread-7] INFO  ui.masdjid.Masdjid - Library Assistant is closing on 09-05-2021 05:50:40 PM. Used for 1620579127005 ms
2021-05-09 17:54:24.495 [main] INFO  ui.masdjid.Masdjid - Masdjid launched on 09-05-2021 05:54:24 PM
2021-05-09 17:54:36.552 [JavaFX Application Thread] INFO  ui.connexion.ConnexionController - User successfully logged in admin
2021-05-09 17:54:38.418 [Thread-7] INFO  ui.masdjid.Masdjid - Library Assistant is closing on 09-05-2021 05:54:24 PM. Used for 1620579278417 ms
2021-05-09 18:04:18.543 [main] INFO  ui.masdjid.Masdjid - Masdjid launched on 09-05-2021 06:04:18 PM
2021-05-09 18:04:30.806 [Thread-7] INFO  ui.masdjid.Masdjid - Library Assistant is closing on 09-05-2021 06:04:18 PM. Used for 1620579870806 ms
2021-05-09 18:06:10.938 [main] INFO  ui.masdjid.Masdjid - Masdjid launched on 09-05-2021 06:06:10 PM
2021-05-09 18:06:13.496 [Thread-7] INFO  ui.masdjid.Masdjid - Library Assistant is closing on 09-05-2021 06:06:10 PM. Used for 1620579973496 ms
2021-05-09 18:06:18.758 [main] INFO  ui.masdjid.Masdjid - Masdjid launched on 09-05-2021 06:06:18 PM
2021-05-09 18:06:26.538 [JavaFX Application Thread] INFO  ui.connexion.ConnexionController - User successfully logged in admin
2021-05-09 18:06:27.736 [Thread-7] INFO  ui.masdjid.Masdjid - Library Assistant is closing on 09-05-2021 06:06:18 PM. Used for 1620579987735 ms
2021-05-09 18:08:25.927 [main] INFO  ui.masdjid.Masdjid - Masdjid launched on 09-05-2021 06:08:25 PM
2021-05-09 18:08:30.123 [Thread-7] INFO  ui.masdjid.Masdjid - Library Assistant is closing on 09-05-2021 06:08:25 PM. Used for 1620580110123 ms
2021-05-09 18:08:38.192 [main] INFO  ui.masdjid.Masdjid - Masdjid launched on 09-05-2021 06:08:38 PM
2021-05-09 18:08:44.729 [Thread-7] INFO  ui.masdjid.Masdjid - Library Assistant is closing on 09-05-2021 06:08:38 PM. Used for 1620580124729 ms
2021-05-09 18:08:55.023 [main] INFO  ui.masdjid.Masdjid - Masdjid launched on 09-05-2021 06:08:55 PM
2021-05-09 18:08:57.043 [Thread-7] INFO  ui.masdjid.Masdjid - Library Assistant is closing on 09-05-2021 06:08:55 PM. Used for 1620580137042 ms
2021-05-09 18:09:02.349 [main] INFO  ui.masdjid.Masdjid - Masdjid launched on 09-05-2021 06:09:02 PM
2021-05-09 18:09:14.995 [Thread-7] INFO  ui.masdjid.Masdjid - Library Assistant is closing on 09-05-2021 06:09:02 PM. Used for 1620580154994 ms
2021-05-09 18:09:29.038 [main] INFO  ui.masdjid.Masdjid - Masdjid launched on 09-05-2021 06:09:29 PM
2021-05-09 18:09:31.982 [Thread-7] INFO  ui.masdjid.Masdjid - Library Assistant is closing on 09-05-2021 06:09:29 PM. Used for 1620580171982 ms
2021-05-09 18:12:40.749 [main] INFO  ui.masdjid.Masdjid - Masdjid launched on 09-05-2021 06:12:40 PM
2021-05-09 18:13:04.841 [Thread-7] INFO  ui.masdjid.Masdjid - Library Assistant is closing on 09-05-2021 06:12:40 PM. Used for 1620580384841 ms
2021-05-09 18:22:33.299 [main] INFO  ui.masdjid.Masdjid - Masdjid launched on 09-05-2021 06:22:33 PM
2021-05-09 18:22:44.401 [JavaFX Application Thread] ERROR ui.connexion.ConnexionController - {}
javafx.fxml.LoadException: Error resolving onAction='#handleMenuClose', either the event handler is not in the Namespace or there is an error in the script.
file:/C:/Users/pc/Desktop/masdjid/Masdjid/dist/Masdjid.jar!/ui/masdjid/main.fxml:229

	at javafx.fxml.FXMLLoader.constructLoadException(FXMLLoader.java:2597) ~[jfxrt.jar:?]
	at javafx.fxml.FXMLLoader.access$100(FXMLLoader.java:103) ~[jfxrt.jar:?]
	at javafx.fxml.FXMLLoader$Element.processEventHandlerAttributes(FXMLLoader.java:610) ~[jfxrt.jar:?]
	at javafx.fxml.FXMLLoader$ValueElement.processEndElement(FXMLLoader.java:770) ~[jfxrt.jar:?]
	at javafx.fxml.FXMLLoader.processEndElement(FXMLLoader.java:2823) ~[jfxrt.jar:?]
	at javafx.fxml.FXMLLoader.loadImpl(FXMLLoader.java:2532) ~[jfxrt.jar:?]
	at javafx.fxml.FXMLLoader.loadImpl(FXMLLoader.java:2441) ~[jfxrt.jar:?]
	at javafx.fxml.FXMLLoader.loadImpl(FXMLLoader.java:3214) ~[jfxrt.jar:?]
	at javafx.fxml.FXMLLoader.loadImpl(FXMLLoader.java:3175) ~[jfxrt.jar:?]
	at javafx.fxml.FXMLLoader.loadImpl(FXMLLoader.java:3148) ~[jfxrt.jar:?]
	at javafx.fxml.FXMLLoader.loadImpl(FXMLLoader.java:3124) ~[jfxrt.jar:?]
	at javafx.fxml.FXMLLoader.loadImpl(FXMLLoader.java:3104) ~[jfxrt.jar:?]
	at javafx.fxml.FXMLLoader.load(FXMLLoader.java:3097) ~[jfxrt.jar:?]
	at ui.connexion.ConnexionController.loadMain(ConnexionController.java:77) ~[Masdjid.jar:1.0]
	at ui.connexion.ConnexionController.handleLoginButtonAction(ConnexionController.java:57) ~[Masdjid.jar:1.0]
	at sun.reflect.NativeMethodAccessorImpl.invoke0(Native Method) ~[?:1.8.0_221]
	at sun.reflect.NativeMethodAccessorImpl.invoke(NativeMethodAccessorImpl.java:62) ~[?:1.8.0_221]
	at sun.reflect.DelegatingMethodAccessorImpl.invoke(DelegatingMethodAccessorImpl.java:43) ~[?:1.8.0_221]
	at java.lang.reflect.Method.invoke(Method.java:498) ~[?:1.8.0_221]
	at sun.reflect.misc.Trampoline.invoke(MethodUtil.java:71) ~[?:1.8.0_221]
	at sun.reflect.GeneratedMethodAccessor2.invoke(Unknown Source) ~[?:?]
	at sun.reflect.DelegatingMethodAccessorImpl.invoke(DelegatingMethodAccessorImpl.java:43) ~[?:1.8.0_221]
	at java.lang.reflect.Method.invoke(Method.java:498) ~[?:1.8.0_221]
	at sun.reflect.misc.MethodUtil.invoke(MethodUtil.java:275) ~[?:1.8.0_221]
	at javafx.fxml.FXMLLoader$MethodHandler.invoke(FXMLLoader.java:1769) ~[jfxrt.jar:?]
	at javafx.fxml.FXMLLoader$ControllerMethodEventHandler.handle(FXMLLoader.java:1657) ~[jfxrt.jar:?]
	at com.sun.javafx.event.CompositeEventHandler.dispatchBubblingEvent(CompositeEventHandler.java:86) ~[jfxrt.jar:?]
	at com.sun.javafx.event.EventHandlerManager.dispatchBubblingEvent(EventHandlerManager.java:238) ~[jfxrt.jar:?]
	at com.sun.javafx.event.EventHandlerManager.dispatchBubblingEvent(EventHandlerManager.java:191) ~[jfxrt.jar:?]
	at com.sun.javafx.event.CompositeEventDispatcher.dispatchBubblingEvent(CompositeEventDispatcher.java:59) ~[jfxrt.jar:?]
	at com.sun.javafx.event.BasicEventDispatcher.dispatchEvent(BasicEventDispatcher.java:58) ~[jfxrt.jar:?]
	at com.sun.javafx.event.EventDispatchChainImpl.dispatchEvent(EventDispatchChainImpl.java:114) ~[jfxrt.jar:?]
	at com.sun.javafx.event.BasicEventDispatcher.dispatchEvent(BasicEventDispatcher.java:56) ~[jfxrt.jar:?]
	at com.sun.javafx.event.EventDispatchChainImpl.dispatchEvent(EventDispatchChainImpl.java:114) ~[jfxrt.jar:?]
	at com.sun.javafx.event.BasicEventDispatcher.dispatchEvent(BasicEventDispatcher.java:56) ~[jfxrt.jar:?]
	at com.sun.javafx.event.EventDispatchChainImpl.dispatchEvent(EventDispatchChainImpl.java:114) ~[jfxrt.jar:?]
	at com.sun.javafx.event.EventUtil.fireEventImpl(EventUtil.java:74) ~[jfxrt.jar:?]
	at com.sun.javafx.event.EventUtil.fireEvent(EventUtil.java:49) ~[jfxrt.jar:?]
	at javafx.event.Event.fireEvent(Event.java:198) ~[jfxrt.jar:?]
	at javafx.scene.Node.fireEvent(Node.java:8411) ~[jfxrt.jar:?]
	at javafx.scene.control.Button.fire(Button.java:185) ~[jfxrt.jar:?]
	at com.sun.javafx.scene.control.behavior.ButtonBehavior.mouseReleased(ButtonBehavior.java:182) ~[jfxrt.jar:?]
	at com.sun.javafx.scene.control.skin.BehaviorSkinBase$1.handle(BehaviorSkinBase.java:96) ~[jfxrt.jar:?]
	at com.sun.javafx.scene.control.skin.BehaviorSkinBase$1.handle(BehaviorSkinBase.java:89) ~[jfxrt.jar:?]
	at com.sun.javafx.event.CompositeEventHandler$NormalEventHandlerRecord.handleBubblingEvent(CompositeEventHandler.java:218) ~[jfxrt.jar:?]
	at com.sun.javafx.event.CompositeEventHandler.dispatchBubblingEvent(CompositeEventHandler.java:80) ~[jfxrt.jar:?]
	at com.sun.javafx.event.EventHandlerManager.dispatchBubblingEvent(EventHandlerManager.java:238) ~[jfxrt.jar:?]
	at com.sun.javafx.event.EventHandlerManager.dispatchBubblingEvent(EventHandlerManager.java:191) ~[jfxrt.jar:?]
	at com.sun.javafx.event.CompositeEventDispatcher.dispatchBubblingEvent(CompositeEventDispatcher.java:59) ~[jfxrt.jar:?]
	at com.sun.javafx.event.BasicEventDispatcher.dispatchEvent(BasicEventDispatcher.java:58) ~[jfxrt.jar:?]
	at com.sun.javafx.event.EventDispatchChainImpl.dispatchEvent(EventDispatchChainImpl.java:114) ~[jfxrt.jar:?]
	at com.sun.javafx.event.BasicEventDispatcher.dispatchEvent(BasicEventDispatcher.java:56) ~[jfxrt.jar:?]
	at com.sun.javafx.event.EventDispatchChainImpl.dispatchEvent(EventDispatchChainImpl.java:114) ~[jfxrt.jar:?]
	at com.sun.javafx.event.BasicEventDispatcher.dispatchEvent(BasicEventDispatcher.java:56) ~[jfxrt.jar:?]
	at com.sun.javafx.event.EventDispatchChainImpl.dispatchEvent(EventDispatchChainImpl.java:114) ~[jfxrt.jar:?]
	at com.sun.javafx.event.EventUtil.fireEventImpl(EventUtil.java:74) ~[jfxrt.jar:?]
	at com.sun.javafx.event.EventUtil.fireEvent(EventUtil.java:54) ~[jfxrt.jar:?]
	at javafx.event.Event.fireEvent(Event.java:198) ~[jfxrt.jar:?]
	at javafx.scene.Scene$MouseHandler.process(Scene.java:3757) ~[jfxrt.jar:?]
	at javafx.scene.Scene$MouseHandler.access$1500(Scene.java:3485) ~[jfxrt.jar:?]
	at javafx.scene.Scene.impl_processMouseEvent(Scene.java:1762) ~[jfxrt.jar:?]
	at javafx.scene.Scene$ScenePeerListener.mouseEvent(Scene.java:2494) ~[jfxrt.jar:?]
	at com.sun.javafx.tk.quantum.GlassViewEventHandler$MouseEventNotification.run(GlassViewEventHandler.java:394) ~[jfxrt.jar:?]
	at com.sun.javafx.tk.quantum.GlassViewEventHandler$MouseEventNotification.run(GlassViewEventHandler.java:295) ~[jfxrt.jar:?]
	at java.security.AccessController.doPrivileged(Native Method) ~[?:1.8.0_221]
	at com.sun.javafx.tk.quantum.GlassViewEventHandler.lambda$handleMouseEvent$2(GlassViewEventHandler.java:432) ~[jfxrt.jar:?]
	at com.sun.javafx.tk.quantum.QuantumToolkit.runWithoutRenderLock(QuantumToolkit.java:410) ~[jfxrt.jar:?]
	at com.sun.javafx.tk.quantum.GlassViewEventHandler.handleMouseEvent(GlassViewEventHandler.java:431) ~[jfxrt.jar:?]
	at com.sun.glass.ui.View.handleMouseEvent(View.java:555) ~[jfxrt.jar:?]
	at com.sun.glass.ui.View.notifyMouse(View.java:937) ~[jfxrt.jar:?]
	at com.sun.glass.ui.win.WinApplication._runLoop(Native Method) ~[jfxrt.jar:?]
	at com.sun.glass.ui.win.WinApplication.lambda$null$3(WinApplication.java:177) ~[jfxrt.jar:?]
	at java.lang.Thread.run(Thread.java:748) [?:1.8.0_221]
2021-05-09 18:22:44.406 [JavaFX Application Thread] INFO  ui.connexion.ConnexionController - User successfully logged in admin
2021-05-09 18:22:44.440 [Thread-7] INFO  ui.masdjid.Masdjid - Library Assistant is closing on 09-05-2021 06:22:33 PM. Used for 1620580964417 ms
2021-05-09 18:24:27.622 [main] INFO  ui.masdjid.Masdjid - Masdjid launched on 09-05-2021 06:24:27 PM
2021-05-09 18:24:33.126 [JavaFX Application Thread] ERROR ui.connexion.ConnexionController - {}
javafx.fxml.LoadException: Error resolving onAction='#handleMenuClose', either the event handler is not in the Namespace or there is an error in the script.
file:/C:/Users/pc/Desktop/masdjid/Masdjid/dist/Masdjid.jar!/ui/masdjid/main.fxml:229

	at javafx.fxml.FXMLLoader.constructLoadException(FXMLLoader.java:2597) ~[jfxrt.jar:?]
	at javafx.fxml.FXMLLoader.access$100(FXMLLoader.java:103) ~[jfxrt.jar:?]
	at javafx.fxml.FXMLLoader$Element.processEventHandlerAttributes(FXMLLoader.java:610) ~[jfxrt.jar:?]
	at javafx.fxml.FXMLLoader$ValueElement.processEndElement(FXMLLoader.java:770) ~[jfxrt.jar:?]
	at javafx.fxml.FXMLLoader.processEndElement(FXMLLoader.java:2823) ~[jfxrt.jar:?]
	at javafx.fxml.FXMLLoader.loadImpl(FXMLLoader.java:2532) ~[jfxrt.jar:?]
	at javafx.fxml.FXMLLoader.loadImpl(FXMLLoader.java:2441) ~[jfxrt.jar:?]
	at javafx.fxml.FXMLLoader.loadImpl(FXMLLoader.java:3214) ~[jfxrt.jar:?]
	at javafx.fxml.FXMLLoader.loadImpl(FXMLLoader.java:3175) ~[jfxrt.jar:?]
	at javafx.fxml.FXMLLoader.loadImpl(FXMLLoader.java:3148) ~[jfxrt.jar:?]
	at javafx.fxml.FXMLLoader.loadImpl(FXMLLoader.java:3124) ~[jfxrt.jar:?]
	at javafx.fxml.FXMLLoader.loadImpl(FXMLLoader.java:3104) ~[jfxrt.jar:?]
	at javafx.fxml.FXMLLoader.load(FXMLLoader.java:3097) ~[jfxrt.jar:?]
	at ui.connexion.ConnexionController.loadMain(ConnexionController.java:77) ~[Masdjid.jar:1.0]
	at ui.connexion.ConnexionController.handleLoginButtonAction(ConnexionController.java:57) ~[Masdjid.jar:1.0]
	at sun.reflect.NativeMethodAccessorImpl.invoke0(Native Method) ~[?:1.8.0_221]
	at sun.reflect.NativeMethodAccessorImpl.invoke(NativeMethodAccessorImpl.java:62) ~[?:1.8.0_221]
	at sun.reflect.DelegatingMethodAccessorImpl.invoke(DelegatingMethodAccessorImpl.java:43) ~[?:1.8.0_221]
	at java.lang.reflect.Method.invoke(Method.java:498) ~[?:1.8.0_221]
	at sun.reflect.misc.Trampoline.invoke(MethodUtil.java:71) ~[?:1.8.0_221]
	at sun.reflect.GeneratedMethodAccessor2.invoke(Unknown Source) ~[?:?]
	at sun.reflect.DelegatingMethodAccessorImpl.invoke(DelegatingMethodAccessorImpl.java:43) ~[?:1.8.0_221]
	at java.lang.reflect.Method.invoke(Method.java:498) ~[?:1.8.0_221]
	at sun.reflect.misc.MethodUtil.invoke(MethodUtil.java:275) ~[?:1.8.0_221]
	at javafx.fxml.FXMLLoader$MethodHandler.invoke(FXMLLoader.java:1769) ~[jfxrt.jar:?]
	at javafx.fxml.FXMLLoader$ControllerMethodEventHandler.handle(FXMLLoader.java:1657) ~[jfxrt.jar:?]
	at com.sun.javafx.event.CompositeEventHandler.dispatchBubblingEvent(CompositeEventHandler.java:86) ~[jfxrt.jar:?]
	at com.sun.javafx.event.EventHandlerManager.dispatchBubblingEvent(EventHandlerManager.java:238) ~[jfxrt.jar:?]
	at com.sun.javafx.event.EventHandlerManager.dispatchBubblingEvent(EventHandlerManager.java:191) ~[jfxrt.jar:?]
	at com.sun.javafx.event.CompositeEventDispatcher.dispatchBubblingEvent(CompositeEventDispatcher.java:59) ~[jfxrt.jar:?]
	at com.sun.javafx.event.BasicEventDispatcher.dispatchEvent(BasicEventDispatcher.java:58) ~[jfxrt.jar:?]
	at com.sun.javafx.event.EventDispatchChainImpl.dispatchEvent(EventDispatchChainImpl.java:114) ~[jfxrt.jar:?]
	at com.sun.javafx.event.BasicEventDispatcher.dispatchEvent(BasicEventDispatcher.java:56) ~[jfxrt.jar:?]
	at com.sun.javafx.event.EventDispatchChainImpl.dispatchEvent(EventDispatchChainImpl.java:114) ~[jfxrt.jar:?]
	at com.sun.javafx.event.BasicEventDispatcher.dispatchEvent(BasicEventDispatcher.java:56) ~[jfxrt.jar:?]
	at com.sun.javafx.event.EventDispatchChainImpl.dispatchEvent(EventDispatchChainImpl.java:114) ~[jfxrt.jar:?]
	at com.sun.javafx.event.EventUtil.fireEventImpl(EventUtil.java:74) ~[jfxrt.jar:?]
	at com.sun.javafx.event.EventUtil.fireEvent(EventUtil.java:49) ~[jfxrt.jar:?]
	at javafx.event.Event.fireEvent(Event.java:198) ~[jfxrt.jar:?]
	at javafx.scene.Node.fireEvent(Node.java:8411) ~[jfxrt.jar:?]
	at javafx.scene.control.Button.fire(Button.java:185) ~[jfxrt.jar:?]
	at com.sun.javafx.scene.control.behavior.ButtonBehavior.mouseReleased(ButtonBehavior.java:182) ~[jfxrt.jar:?]
	at com.sun.javafx.scene.control.skin.BehaviorSkinBase$1.handle(BehaviorSkinBase.java:96) ~[jfxrt.jar:?]
	at com.sun.javafx.scene.control.skin.BehaviorSkinBase$1.handle(BehaviorSkinBase.java:89) ~[jfxrt.jar:?]
	at com.sun.javafx.event.CompositeEventHandler$NormalEventHandlerRecord.handleBubblingEvent(CompositeEventHandler.java:218) ~[jfxrt.jar:?]
	at com.sun.javafx.event.CompositeEventHandler.dispatchBubblingEvent(CompositeEventHandler.java:80) ~[jfxrt.jar:?]
	at com.sun.javafx.event.EventHandlerManager.dispatchBubblingEvent(EventHandlerManager.java:238) ~[jfxrt.jar:?]
	at com.sun.javafx.event.EventHandlerManager.dispatchBubblingEvent(EventHandlerManager.java:191) ~[jfxrt.jar:?]
	at com.sun.javafx.event.CompositeEventDispatcher.dispatchBubblingEvent(CompositeEventDispatcher.java:59) ~[jfxrt.jar:?]
	at com.sun.javafx.event.BasicEventDispatcher.dispatchEvent(BasicEventDispatcher.java:58) ~[jfxrt.jar:?]
	at com.sun.javafx.event.EventDispatchChainImpl.dispatchEvent(EventDispatchChainImpl.java:114) ~[jfxrt.jar:?]
	at com.sun.javafx.event.BasicEventDispatcher.dispatchEvent(BasicEventDispatcher.java:56) ~[jfxrt.jar:?]
	at com.sun.javafx.event.EventDispatchChainImpl.dispatchEvent(EventDispatchChainImpl.java:114) ~[jfxrt.jar:?]
	at com.sun.javafx.event.BasicEventDispatcher.dispatchEvent(BasicEventDispatcher.java:56) ~[jfxrt.jar:?]
	at com.sun.javafx.event.EventDispatchChainImpl.dispatchEvent(EventDispatchChainImpl.java:114) ~[jfxrt.jar:?]
	at com.sun.javafx.event.EventUtil.fireEventImpl(EventUtil.java:74) ~[jfxrt.jar:?]
	at com.sun.javafx.event.EventUtil.fireEvent(EventUtil.java:54) ~[jfxrt.jar:?]
	at javafx.event.Event.fireEvent(Event.java:198) ~[jfxrt.jar:?]
	at javafx.scene.Scene$MouseHandler.process(Scene.java:3757) ~[jfxrt.jar:?]
	at javafx.scene.Scene$MouseHandler.access$1500(Scene.java:3485) ~[jfxrt.jar:?]
	at javafx.scene.Scene.impl_processMouseEvent(Scene.java:1762) ~[jfxrt.jar:?]
	at javafx.scene.Scene$ScenePeerListener.mouseEvent(Scene.java:2494) ~[jfxrt.jar:?]
	at com.sun.javafx.tk.quantum.GlassViewEventHandler$MouseEventNotification.run(GlassViewEventHandler.java:394) ~[jfxrt.jar:?]
	at com.sun.javafx.tk.quantum.GlassViewEventHandler$MouseEventNotification.run(GlassViewEventHandler.java:295) ~[jfxrt.jar:?]
	at java.security.AccessController.doPrivileged(Native Method) ~[?:1.8.0_221]
	at com.sun.javafx.tk.quantum.GlassViewEventHandler.lambda$handleMouseEvent$2(GlassViewEventHandler.java:432) ~[jfxrt.jar:?]
	at com.sun.javafx.tk.quantum.QuantumToolkit.runWithoutRenderLock(QuantumToolkit.java:410) ~[jfxrt.jar:?]
	at com.sun.javafx.tk.quantum.GlassViewEventHandler.handleMouseEvent(GlassViewEventHandler.java:431) ~[jfxrt.jar:?]
	at com.sun.glass.ui.View.handleMouseEvent(View.java:555) ~[jfxrt.jar:?]
	at com.sun.glass.ui.View.notifyMouse(View.java:937) ~[jfxrt.jar:?]
	at com.sun.glass.ui.win.WinApplication._runLoop(Native Method) ~[jfxrt.jar:?]
	at com.sun.glass.ui.win.WinApplication.lambda$null$3(WinApplication.java:177) ~[jfxrt.jar:?]
	at java.lang.Thread.run(Thread.java:748) [?:1.8.0_221]
2021-05-09 18:24:33.131 [JavaFX Application Thread] INFO  ui.connexion.ConnexionController - User successfully logged in admin
2021-05-09 18:24:33.142 [Thread-7] INFO  ui.masdjid.Masdjid - Library Assistant is closing on 09-05-2021 06:24:27 PM. Used for 1620581073141 ms
2021-05-09 18:25:50.986 [main] INFO  ui.masdjid.Masdjid - Masdjid launched on 09-05-2021 06:25:50 PM
2021-05-09 18:25:56.502 [JavaFX Application Thread] INFO  ui.connexion.ConnexionController - User successfully logged in admin
2021-05-09 18:26:06.424 [Thread-7] INFO  ui.masdjid.Masdjid - Library Assistant is closing on 09-05-2021 06:25:50 PM. Used for 1620581166424 ms
2021-05-09 18:27:16.099 [main] INFO  ui.masdjid.Masdjid - Masdjid launched on 09-05-2021 06:27:16 PM
2021-05-09 18:27:30.437 [JavaFX Application Thread] INFO  ui.connexion.ConnexionController - User successfully logged in admin
2021-05-09 18:27:52.642 [Thread-7] INFO  ui.masdjid.Masdjid - Library Assistant is closing on 09-05-2021 06:27:16 PM. Used for 1620581272641 ms
2021-05-09 18:27:56.669 [main] INFO  ui.masdjid.Masdjid - Masdjid launched on 09-05-2021 06:27:56 PM
2021-05-09 18:28:06.614 [JavaFX Application Thread] INFO  ui.connexion.ConnexionController - User successfully logged in admin
2021-05-09 18:28:14.118 [Thread-7] INFO  ui.masdjid.Masdjid - Library Assistant is closing on 09-05-2021 06:27:56 PM. Used for 1620581294117 ms
2021-05-09 18:30:53.146 [main] INFO  ui.masdjid.Masdjid - Masdjid launched on 09-05-2021 06:30:53 PM
2021-05-09 18:30:58.103 [JavaFX Application Thread] INFO  ui.connexion.ConnexionController - User successfully logged in admin
2021-05-09 18:31:14.614 [Thread-7] INFO  ui.masdjid.Masdjid - Library Assistant is closing on 09-05-2021 06:30:53 PM. Used for 1620581474612 ms
2021-05-09 18:34:33.751 [main] INFO  ui.masdjid.Masdjid - Masdjid launched on 09-05-2021 06:34:33 PM
2021-05-09 18:34:39.474 [JavaFX Application Thread] INFO  ui.connexion.ConnexionController - User successfully logged in admin
2021-05-09 18:35:20.687 [Thread-7] INFO  ui.masdjid.Masdjid - Library Assistant is closing on 09-05-2021 06:34:33 PM. Used for 1620581720686 ms
2021-05-09 23:36:48.108 [main] INFO  ui.masdjid.Masdjid - Masdjid launched on 09-05-2021 11:36:48 PM
2021-05-09 23:36:56.812 [JavaFX Application Thread] INFO  ui.connexion.ConnexionController - User successfully logged in admin
2021-05-09 23:37:04.310 [Thread-7] INFO  ui.masdjid.Masdjid - Library Assistant is closing on 09-05-2021 11:36:48 PM. Used for 1620599824309 ms
