2021-05-14 15:55:42.900 [main] INFO  ui.masdjid.Masdjid - Masdjid launched on 14-05-2021 03:55:42 PM
2021-05-14 15:56:04.650 [Thread-7] INFO  ui.masdjid.Masdjid - Library Assistant is closing on 14-05-2021 03:55:42 PM. Used for 1621004164649 ms
2021-05-14 15:56:09.876 [main] INFO  ui.masdjid.Masdjid - Masdjid launched on 14-05-2021 03:56:09 PM
2021-05-14 15:56:17.000 [JavaFX Application Thread] INFO  ui.connexion.ConnexionController - User successfully logged in admin
2021-05-14 15:56:18.529 [Thread-7] INFO  ui.masdjid.Masdjid - Library Assistant is closing on 14-05-2021 03:56:09 PM. Used for 1621004178528 ms
2021-05-14 15:56:25.567 [main] INFO  ui.masdjid.Masdjid - Masdjid launched on 14-05-2021 03:56:25 PM
2021-05-14 15:56:30.850 [JavaFX Application Thread] INFO  ui.connexion.ConnexionController - User successfully logged in admin
2021-05-14 15:56:40.606 [Thread-7] INFO  ui.masdjid.Masdjid - Library Assistant is closing on 14-05-2021 03:56:25 PM. Used for 1621004200603 ms
2021-05-14 18:05:19.034 [main] INFO  ui.masdjid.Masdjid - Masdjid launched on 14-05-2021 06:05:19 PM
2021-05-14 18:05:24.858 [JavaFX Application Thread] INFO  ui.connexion.ConnexionController - User successfully logged in admin
2021-05-14 18:05:27.329 [Thread-7] INFO  ui.masdjid.Masdjid - Library Assistant is closing on 14-05-2021 06:05:19 PM. Used for 1621011927327 ms
2021-05-14 18:08:49.905 [main] INFO  ui.masdjid.Masdjid - Masdjid launched on 14-05-2021 06:08:49 PM
2021-05-14 18:08:53.572 [Thread-7] INFO  ui.masdjid.Masdjid - Library Assistant is closing on 14-05-2021 06:08:49 PM. Used for 1621012133571 ms
2021-05-14 18:09:02.265 [main] INFO  ui.masdjid.Masdjid - Masdjid launched on 14-05-2021 06:09:02 PM
2021-05-14 18:09:08.413 [JavaFX Application Thread] INFO  ui.connexion.ConnexionController - User successfully logged in admin
2021-05-14 18:09:27.073 [JavaFX Application Thread] ERROR exceptions.DefaultExceptionHandler - Exception occurred {}
java.lang.RuntimeException: java.lang.reflect.InvocationTargetException
	at javafx.fxml.FXMLLoader$MethodHandler.invoke(FXMLLoader.java:1774) ~[jfxrt.jar:?]
	at javafx.fxml.FXMLLoader$ControllerMethodEventHandler.handle(FXMLLoader.java:1657) ~[jfxrt.jar:?]
	at com.sun.javafx.event.CompositeEventHandler.dispatchBubblingEvent(CompositeEventHandler.java:86) ~[jfxrt.jar:?]
	at com.sun.javafx.event.EventHandlerManager.dispatchBubblingEvent(EventHandlerManager.java:238) ~[jfxrt.jar:?]
	at com.sun.javafx.event.EventHandlerManager.dispatchBubblingEvent(EventHandlerManager.java:191) ~[jfxrt.jar:?]
	at com.sun.javafx.event.CompositeEventDispatcher.dispatchBubblingEvent(CompositeEventDispatcher.java:59) ~[jfxrt.jar:?]
	at com.sun.javafx.event.BasicEventDispatcher.dispatchEvent(BasicEventDispatcher.java:58) ~[jfxrt.jar:?]
	at com.sun.javafx.event.EventDispatchChainImpl.dispatchEvent(EventDispatchChainImpl.java:114) ~[jfxrt.jar:?]
	at com.sun.javafx.event.BasicEventDispatcher.dispatchEvent(BasicEventDispatcher.java:56) ~[jfxrt.jar:?]
	at com.sun.javafx.event.EventDispatchChainImpl.dispatchEvent(EventDispatchChainImpl.java:114) ~[jfxrt.jar:?]
	at com.sun.javafx.event.BasicEventDispatcher.dispatchEvent(BasicEventDispatcher.java:56) ~[jfxrt.jar:?]
	at com.sun.javafx.event.EventDispatchChainImpl.dispatchEvent(EventDispatchChainImpl.java:114) ~[jfxrt.jar:?]
	at com.sun.javafx.event.BasicEventDispatcher.dispatchEvent(BasicEventDispatcher.java:56) ~[jfxrt.jar:?]
	at com.sun.javafx.event.EventDispatchChainImpl.dispatchEvent(EventDispatchChainImpl.java:114) ~[jfxrt.jar:?]
	at com.sun.javafx.event.BasicEventDispatcher.dispatchEvent(BasicEventDispatcher.java:56) ~[jfxrt.jar:?]
	at com.sun.javafx.event.EventDispatchChainImpl.dispatchEvent(EventDispatchChainImpl.java:114) ~[jfxrt.jar:?]
	at com.sun.javafx.event.EventUtil.fireEventImpl(EventUtil.java:74) ~[jfxrt.jar:?]
	at com.sun.javafx.event.EventUtil.fireEvent(EventUtil.java:49) ~[jfxrt.jar:?]
	at javafx.event.Event.fireEvent(Event.java:198) ~[jfxrt.jar:?]
	at javafx.scene.Node.fireEvent(Node.java:8411) ~[jfxrt.jar:?]
	at javafx.scene.control.Button.fire(Button.java:185) ~[jfxrt.jar:?]
	at com.sun.javafx.scene.control.behavior.ButtonBehavior.mouseReleased(ButtonBehavior.java:182) ~[jfxrt.jar:?]
	at com.sun.javafx.scene.control.skin.BehaviorSkinBase$1.handle(BehaviorSkinBase.java:96) ~[jfxrt.jar:?]
	at com.sun.javafx.scene.control.skin.BehaviorSkinBase$1.handle(BehaviorSkinBase.java:89) ~[jfxrt.jar:?]
	at com.sun.javafx.event.CompositeEventHandler$NormalEventHandlerRecord.handleBubblingEvent(CompositeEventHandler.java:218) ~[jfxrt.jar:?]
	at com.sun.javafx.event.CompositeEventHandler.dispatchBubblingEvent(CompositeEventHandler.java:80) ~[jfxrt.jar:?]
	at com.sun.javafx.event.EventHandlerManager.dispatchBubblingEvent(EventHandlerManager.java:238) ~[jfxrt.jar:?]
	at com.sun.javafx.event.EventHandlerManager.dispatchBubblingEvent(EventHandlerManager.java:191) ~[jfxrt.jar:?]
	at com.sun.javafx.event.CompositeEventDispatcher.dispatchBubblingEvent(CompositeEventDispatcher.java:59) ~[jfxrt.jar:?]
	at com.sun.javafx.event.BasicEventDispatcher.dispatchEvent(BasicEventDispatcher.java:58) ~[jfxrt.jar:?]
	at com.sun.javafx.event.EventDispatchChainImpl.dispatchEvent(EventDispatchChainImpl.java:114) ~[jfxrt.jar:?]
	at com.sun.javafx.event.BasicEventDispatcher.dispatchEvent(BasicEventDispatcher.java:56) ~[jfxrt.jar:?]
	at com.sun.javafx.event.EventDispatchChainImpl.dispatchEvent(EventDispatchChainImpl.java:114) ~[jfxrt.jar:?]
	at com.sun.javafx.event.BasicEventDispatcher.dispatchEvent(BasicEventDispatcher.java:56) ~[jfxrt.jar:?]
	at com.sun.javafx.event.EventDispatchChainImpl.dispatchEvent(EventDispatchChainImpl.java:114) ~[jfxrt.jar:?]
	at com.sun.javafx.event.BasicEventDispatcher.dispatchEvent(BasicEventDispatcher.java:56) ~[jfxrt.jar:?]
	at com.sun.javafx.event.EventDispatchChainImpl.dispatchEvent(EventDispatchChainImpl.java:114) ~[jfxrt.jar:?]
	at com.sun.javafx.event.BasicEventDispatcher.dispatchEvent(BasicEventDispatcher.java:56) ~[jfxrt.jar:?]
	at com.sun.javafx.event.EventDispatchChainImpl.dispatchEvent(EventDispatchChainImpl.java:114) ~[jfxrt.jar:?]
	at com.sun.javafx.event.EventUtil.fireEventImpl(EventUtil.java:74) ~[jfxrt.jar:?]
	at com.sun.javafx.event.EventUtil.fireEvent(EventUtil.java:54) ~[jfxrt.jar:?]
	at javafx.event.Event.fireEvent(Event.java:198) ~[jfxrt.jar:?]
	at javafx.scene.Scene$MouseHandler.process(Scene.java:3757) ~[jfxrt.jar:?]
	at javafx.scene.Scene$MouseHandler.access$1500(Scene.java:3485) ~[jfxrt.jar:?]
	at javafx.scene.Scene.impl_processMouseEvent(Scene.java:1762) ~[jfxrt.jar:?]
	at javafx.scene.Scene$ScenePeerListener.mouseEvent(Scene.java:2494) ~[jfxrt.jar:?]
	at com.sun.javafx.tk.quantum.GlassViewEventHandler$MouseEventNotification.run(GlassViewEventHandler.java:394) ~[jfxrt.jar:?]
	at com.sun.javafx.tk.quantum.GlassViewEventHandler$MouseEventNotification.run(GlassViewEventHandler.java:295) ~[jfxrt.jar:?]
	at java.security.AccessController.doPrivileged(Native Method) ~[?:1.8.0_221]
	at com.sun.javafx.tk.quantum.GlassViewEventHandler.lambda$handleMouseEvent$2(GlassViewEventHandler.java:432) ~[jfxrt.jar:?]
	at com.sun.javafx.tk.quantum.QuantumToolkit.runWithoutRenderLock(QuantumToolkit.java:410) ~[jfxrt.jar:?]
	at com.sun.javafx.tk.quantum.GlassViewEventHandler.handleMouseEvent(GlassViewEventHandler.java:431) ~[jfxrt.jar:?]
	at com.sun.glass.ui.View.handleMouseEvent(View.java:555) ~[jfxrt.jar:?]
	at com.sun.glass.ui.View.notifyMouse(View.java:937) ~[jfxrt.jar:?]
	at com.sun.glass.ui.win.WinApplication._runLoop(Native Method) ~[jfxrt.jar:?]
	at com.sun.glass.ui.win.WinApplication.lambda$null$3(WinApplication.java:177) ~[jfxrt.jar:?]
	at java.lang.Thread.run(Thread.java:748) [?:1.8.0_221]
Caused by: java.lang.reflect.InvocationTargetException
	at sun.reflect.NativeMethodAccessorImpl.invoke0(Native Method) ~[?:1.8.0_221]
	at sun.reflect.NativeMethodAccessorImpl.invoke(NativeMethodAccessorImpl.java:62) ~[?:1.8.0_221]
	at sun.reflect.DelegatingMethodAccessorImpl.invoke(DelegatingMethodAccessorImpl.java:43) ~[?:1.8.0_221]
	at java.lang.reflect.Method.invoke(Method.java:498) ~[?:1.8.0_221]
	at sun.reflect.misc.Trampoline.invoke(MethodUtil.java:71) ~[?:1.8.0_221]
	at sun.reflect.GeneratedMethodAccessor2.invoke(Unknown Source) ~[?:?]
	at sun.reflect.DelegatingMethodAccessorImpl.invoke(DelegatingMethodAccessorImpl.java:43) ~[?:1.8.0_221]
	at java.lang.reflect.Method.invoke(Method.java:498) ~[?:1.8.0_221]
	at sun.reflect.misc.MethodUtil.invoke(MethodUtil.java:275) ~[?:1.8.0_221]
	at javafx.fxml.FXMLLoader$MethodHandler.invoke(FXMLLoader.java:1769) ~[jfxrt.jar:?]
	... 56 more
Caused by: java.lang.IllegalStateException: Location is not set.
	at javafx.fxml.FXMLLoader.loadImpl(FXMLLoader.java:2434) ~[jfxrt.jar:?]
	at javafx.fxml.FXMLLoader.load(FXMLLoader.java:2409) ~[jfxrt.jar:?]
	at util.MasdjidUtil.loadWindow(MasdjidUtil.java:46) ~[Masdjid.jar:1.0]
	at ui.main.toolbar.ToolbarController.loadAddPersonne(ToolbarController.java:23) ~[Masdjid.jar:1.0]
	at sun.reflect.NativeMethodAccessorImpl.invoke0(Native Method) ~[?:1.8.0_221]
	at sun.reflect.NativeMethodAccessorImpl.invoke(NativeMethodAccessorImpl.java:62) ~[?:1.8.0_221]
	at sun.reflect.DelegatingMethodAccessorImpl.invoke(DelegatingMethodAccessorImpl.java:43) ~[?:1.8.0_221]
	at java.lang.reflect.Method.invoke(Method.java:498) ~[?:1.8.0_221]
	at sun.reflect.misc.Trampoline.invoke(MethodUtil.java:71) ~[?:1.8.0_221]
	at sun.reflect.GeneratedMethodAccessor2.invoke(Unknown Source) ~[?:?]
	at sun.reflect.DelegatingMethodAccessorImpl.invoke(DelegatingMethodAccessorImpl.java:43) ~[?:1.8.0_221]
	at java.lang.reflect.Method.invoke(Method.java:498) ~[?:1.8.0_221]
	at sun.reflect.misc.MethodUtil.invoke(MethodUtil.java:275) ~[?:1.8.0_221]
	at javafx.fxml.FXMLLoader$MethodHandler.invoke(FXMLLoader.java:1769) ~[jfxrt.jar:?]
	... 56 more
2021-05-14 18:09:34.634 [Thread-7] INFO  ui.masdjid.Masdjid - Library Assistant is closing on 14-05-2021 06:09:02 PM. Used for 1621012174633 ms
2021-05-14 18:15:15.898 [main] INFO  ui.masdjid.Masdjid - Masdjid launched on 14-05-2021 06:15:15 PM
2021-05-14 18:15:21.818 [JavaFX Application Thread] INFO  ui.connexion.ConnexionController - User successfully logged in admin
2021-05-14 18:15:26.784 [Thread-7] INFO  ui.masdjid.Masdjid - Library Assistant is closing on 14-05-2021 06:15:15 PM. Used for 1621012526783 ms
2021-05-14 18:16:37.474 [main] INFO  ui.masdjid.Masdjid - Masdjid launched on 14-05-2021 06:16:37 PM
2021-05-14 18:16:41.880 [JavaFX Application Thread] INFO  ui.connexion.ConnexionController - User successfully logged in admin
2021-05-14 18:16:45.792 [Thread-7] INFO  ui.masdjid.Masdjid - Library Assistant is closing on 14-05-2021 06:16:37 PM. Used for 1621012605792 ms
2021-05-14 18:19:44.007 [main] INFO  ui.masdjid.Masdjid - Masdjid launched on 14-05-2021 06:19:44 PM
2021-05-14 18:19:49.508 [JavaFX Application Thread] INFO  ui.connexion.ConnexionController - User successfully logged in admin
2021-05-14 18:20:07.222 [Thread-7] INFO  ui.masdjid.Masdjid - Library Assistant is closing on 14-05-2021 06:19:44 PM. Used for 1621012807221 ms
2021-05-14 18:22:35.221 [main] INFO  ui.masdjid.Masdjid - Masdjid launched on 14-05-2021 06:22:35 PM
2021-05-14 18:22:40.042 [JavaFX Application Thread] INFO  ui.connexion.ConnexionController - User successfully logged in admin
2021-05-14 18:22:44.138 [Thread-7] INFO  ui.masdjid.Masdjid - Library Assistant is closing on 14-05-2021 06:22:35 PM. Used for 1621012964138 ms
2021-05-14 18:25:03.574 [main] INFO  ui.masdjid.Masdjid - Masdjid launched on 14-05-2021 06:25:03 PM
2021-05-14 18:25:09.460 [JavaFX Application Thread] INFO  ui.connexion.ConnexionController - User successfully logged in admin
2021-05-14 18:25:19.174 [Thread-7] INFO  ui.masdjid.Masdjid - Library Assistant is closing on 14-05-2021 06:25:03 PM. Used for 1621013119171 ms
2021-05-14 18:26:32.641 [main] INFO  ui.masdjid.Masdjid - Masdjid launched on 14-05-2021 06:26:32 PM
2021-05-14 18:26:39.469 [JavaFX Application Thread] INFO  ui.connexion.ConnexionController - User successfully logged in admin
2021-05-14 18:26:49.441 [Thread-7] INFO  ui.masdjid.Masdjid - Library Assistant is closing on 14-05-2021 06:26:32 PM. Used for 1621013209439 ms
2021-05-14 18:28:34.470 [main] INFO  ui.masdjid.Masdjid - Masdjid launched on 14-05-2021 06:28:34 PM
2021-05-14 18:28:39.786 [JavaFX Application Thread] INFO  ui.connexion.ConnexionController - User successfully logged in admin
2021-05-14 18:28:58.526 [Thread-7] INFO  ui.masdjid.Masdjid - Library Assistant is closing on 14-05-2021 06:28:34 PM. Used for 1621013338526 ms
2021-05-14 18:29:04.816 [main] INFO  ui.masdjid.Masdjid - Masdjid launched on 14-05-2021 06:29:04 PM
2021-05-14 18:29:07.373 [Thread-7] INFO  ui.masdjid.Masdjid - Library Assistant is closing on 14-05-2021 06:29:04 PM. Used for 1621013347372 ms
2021-05-14 18:29:14.871 [main] INFO  ui.masdjid.Masdjid - Masdjid launched on 14-05-2021 06:29:14 PM
2021-05-14 18:29:21.387 [JavaFX Application Thread] INFO  ui.connexion.ConnexionController - User successfully logged in admin
2021-05-14 18:29:24.606 [Thread-7] INFO  ui.masdjid.Masdjid - Library Assistant is closing on 14-05-2021 06:29:14 PM. Used for 1621013364605 ms
2021-05-14 18:33:19.614 [main] INFO  ui.masdjid.Masdjid - Masdjid launched on 14-05-2021 06:33:19 PM
2021-05-14 18:34:01.483 [JavaFX Application Thread] INFO  ui.connexion.ConnexionController - User successfully logged in admin
2021-05-14 18:34:16.371 [Thread-7] INFO  ui.masdjid.Masdjid - Library Assistant is closing on 14-05-2021 06:33:19 PM. Used for 1621013656370 ms
2021-05-14 18:37:38.970 [main] INFO  ui.masdjid.Masdjid - Masdjid launched on 14-05-2021 06:37:38 PM
2021-05-14 18:37:43.959 [JavaFX Application Thread] INFO  ui.connexion.ConnexionController - User successfully logged in admin
2021-05-14 18:37:49.632 [Thread-7] INFO  ui.masdjid.Masdjid - Library Assistant is closing on 14-05-2021 06:37:38 PM. Used for 1621013869631 ms
2021-05-14 18:38:21.348 [main] INFO  ui.masdjid.Masdjid - Masdjid launched on 14-05-2021 06:38:21 PM
2021-05-14 18:38:27.495 [JavaFX Application Thread] INFO  ui.connexion.ConnexionController - User successfully logged in admin
2021-05-14 18:38:43.178 [Thread-7] INFO  ui.masdjid.Masdjid - Library Assistant is closing on 14-05-2021 06:38:21 PM. Used for 1621013923176 ms
2021-05-14 18:40:26.725 [main] INFO  ui.masdjid.Masdjid - Masdjid launched on 14-05-2021 06:40:26 PM
2021-05-14 18:40:31.483 [JavaFX Application Thread] INFO  ui.connexion.ConnexionController - User successfully logged in admin
2021-05-14 18:40:33.562 [Thread-7] INFO  ui.masdjid.Masdjid - Library Assistant is closing on 14-05-2021 06:40:26 PM. Used for 1621014033561 ms
2021-05-14 18:43:15.037 [main] INFO  ui.masdjid.Masdjid - Masdjid launched on 14-05-2021 06:43:15 PM
2021-05-14 18:43:19.588 [JavaFX Application Thread] INFO  ui.connexion.ConnexionController - User successfully logged in admin
2021-05-14 18:43:45.959 [JavaFX Application Thread] ERROR exceptions.DefaultExceptionHandler - Exception occurred {}
java.lang.RuntimeException: java.lang.reflect.InvocationTargetException
	at javafx.fxml.FXMLLoader$MethodHandler.invoke(FXMLLoader.java:1774) ~[jfxrt.jar:?]
	at javafx.fxml.FXMLLoader$ControllerMethodEventHandler.handle(FXMLLoader.java:1657) ~[jfxrt.jar:?]
	at com.sun.javafx.event.CompositeEventHandler.dispatchBubblingEvent(CompositeEventHandler.java:86) ~[jfxrt.jar:?]
	at com.sun.javafx.event.EventHandlerManager.dispatchBubblingEvent(EventHandlerManager.java:238) ~[jfxrt.jar:?]
	at com.sun.javafx.event.EventHandlerManager.dispatchBubblingEvent(EventHandlerManager.java:191) ~[jfxrt.jar:?]
	at com.sun.javafx.event.CompositeEventDispatcher.dispatchBubblingEvent(CompositeEventDispatcher.java:59) ~[jfxrt.jar:?]
	at com.sun.javafx.event.BasicEventDispatcher.dispatchEvent(BasicEventDispatcher.java:58) ~[jfxrt.jar:?]
	at com.sun.javafx.event.EventDispatchChainImpl.dispatchEvent(EventDispatchChainImpl.java:114) ~[jfxrt.jar:?]
	at com.sun.javafx.event.BasicEventDispatcher.dispatchEvent(BasicEventDispatcher.java:56) ~[jfxrt.jar:?]
	at com.sun.javafx.event.EventDispatchChainImpl.dispatchEvent(EventDispatchChainImpl.java:114) ~[jfxrt.jar:?]
	at com.sun.javafx.event.BasicEventDispatcher.dispatchEvent(BasicEventDispatcher.java:56) ~[jfxrt.jar:?]
	at com.sun.javafx.event.EventDispatchChainImpl.dispatchEvent(EventDispatchChainImpl.java:114) ~[jfxrt.jar:?]
	at com.sun.javafx.event.BasicEventDispatcher.dispatchEvent(BasicEventDispatcher.java:56) ~[jfxrt.jar:?]
	at com.sun.javafx.event.EventDispatchChainImpl.dispatchEvent(EventDispatchChainImpl.java:114) ~[jfxrt.jar:?]
	at com.sun.javafx.event.BasicEventDispatcher.dispatchEvent(BasicEventDispatcher.java:56) ~[jfxrt.jar:?]
	at com.sun.javafx.event.EventDispatchChainImpl.dispatchEvent(EventDispatchChainImpl.java:114) ~[jfxrt.jar:?]
	at com.sun.javafx.event.EventUtil.fireEventImpl(EventUtil.java:74) ~[jfxrt.jar:?]
	at com.sun.javafx.event.EventUtil.fireEvent(EventUtil.java:49) ~[jfxrt.jar:?]
	at javafx.event.Event.fireEvent(Event.java:198) ~[jfxrt.jar:?]
	at javafx.scene.Node.fireEvent(Node.java:8411) ~[jfxrt.jar:?]
	at javafx.scene.control.Button.fire(Button.java:185) ~[jfxrt.jar:?]
	at com.sun.javafx.scene.control.behavior.ButtonBehavior.mouseReleased(ButtonBehavior.java:182) ~[jfxrt.jar:?]
	at com.sun.javafx.scene.control.skin.BehaviorSkinBase$1.handle(BehaviorSkinBase.java:96) ~[jfxrt.jar:?]
	at com.sun.javafx.scene.control.skin.BehaviorSkinBase$1.handle(BehaviorSkinBase.java:89) ~[jfxrt.jar:?]
	at com.sun.javafx.event.CompositeEventHandler$NormalEventHandlerRecord.handleBubblingEvent(CompositeEventHandler.java:218) ~[jfxrt.jar:?]
	at com.sun.javafx.event.CompositeEventHandler.dispatchBubblingEvent(CompositeEventHandler.java:80) ~[jfxrt.jar:?]
	at com.sun.javafx.event.EventHandlerManager.dispatchBubblingEvent(EventHandlerManager.java:238) ~[jfxrt.jar:?]
	at com.sun.javafx.event.EventHandlerManager.dispatchBubblingEvent(EventHandlerManager.java:191) ~[jfxrt.jar:?]
	at com.sun.javafx.event.CompositeEventDispatcher.dispatchBubblingEvent(CompositeEventDispatcher.java:59) ~[jfxrt.jar:?]
	at com.sun.javafx.event.BasicEventDispatcher.dispatchEvent(BasicEventDispatcher.java:58) ~[jfxrt.jar:?]
	at com.sun.javafx.event.EventDispatchChainImpl.dispatchEvent(EventDispatchChainImpl.java:114) ~[jfxrt.jar:?]
	at com.sun.javafx.event.BasicEventDispatcher.dispatchEvent(BasicEventDispatcher.java:56) ~[jfxrt.jar:?]
	at com.sun.javafx.event.EventDispatchChainImpl.dispatchEvent(EventDispatchChainImpl.java:114) ~[jfxrt.jar:?]
	at com.sun.javafx.event.BasicEventDispatcher.dispatchEvent(BasicEventDispatcher.java:56) ~[jfxrt.jar:?]
	at com.sun.javafx.event.EventDispatchChainImpl.dispatchEvent(EventDispatchChainImpl.java:114) ~[jfxrt.jar:?]
	at com.sun.javafx.event.BasicEventDispatcher.dispatchEvent(BasicEventDispatcher.java:56) ~[jfxrt.jar:?]
	at com.sun.javafx.event.EventDispatchChainImpl.dispatchEvent(EventDispatchChainImpl.java:114) ~[jfxrt.jar:?]
	at com.sun.javafx.event.BasicEventDispatcher.dispatchEvent(BasicEventDispatcher.java:56) ~[jfxrt.jar:?]
	at com.sun.javafx.event.EventDispatchChainImpl.dispatchEvent(EventDispatchChainImpl.java:114) ~[jfxrt.jar:?]
	at com.sun.javafx.event.EventUtil.fireEventImpl(EventUtil.java:74) ~[jfxrt.jar:?]
	at com.sun.javafx.event.EventUtil.fireEvent(EventUtil.java:54) ~[jfxrt.jar:?]
	at javafx.event.Event.fireEvent(Event.java:198) ~[jfxrt.jar:?]
	at javafx.scene.Scene$MouseHandler.process(Scene.java:3757) ~[jfxrt.jar:?]
	at javafx.scene.Scene$MouseHandler.access$1500(Scene.java:3485) ~[jfxrt.jar:?]
	at javafx.scene.Scene.impl_processMouseEvent(Scene.java:1762) ~[jfxrt.jar:?]
	at javafx.scene.Scene$ScenePeerListener.mouseEvent(Scene.java:2494) ~[jfxrt.jar:?]
	at com.sun.javafx.tk.quantum.GlassViewEventHandler$MouseEventNotification.run(GlassViewEventHandler.java:394) ~[jfxrt.jar:?]
	at com.sun.javafx.tk.quantum.GlassViewEventHandler$MouseEventNotification.run(GlassViewEventHandler.java:295) ~[jfxrt.jar:?]
	at java.security.AccessController.doPrivileged(Native Method) ~[?:1.8.0_221]
	at com.sun.javafx.tk.quantum.GlassViewEventHandler.lambda$handleMouseEvent$2(GlassViewEventHandler.java:432) ~[jfxrt.jar:?]
	at com.sun.javafx.tk.quantum.QuantumToolkit.runWithoutRenderLock(QuantumToolkit.java:410) ~[jfxrt.jar:?]
	at com.sun.javafx.tk.quantum.GlassViewEventHandler.handleMouseEvent(GlassViewEventHandler.java:431) ~[jfxrt.jar:?]
	at com.sun.glass.ui.View.handleMouseEvent(View.java:555) ~[jfxrt.jar:?]
	at com.sun.glass.ui.View.notifyMouse(View.java:937) ~[jfxrt.jar:?]
	at com.sun.glass.ui.win.WinApplication._runLoop(Native Method) ~[jfxrt.jar:?]
	at com.sun.glass.ui.win.WinApplication.lambda$null$3(WinApplication.java:177) ~[jfxrt.jar:?]
	at java.lang.Thread.run(Thread.java:748) [?:1.8.0_221]
Caused by: java.lang.reflect.InvocationTargetException
	at sun.reflect.NativeMethodAccessorImpl.invoke0(Native Method) ~[?:1.8.0_221]
	at sun.reflect.NativeMethodAccessorImpl.invoke(NativeMethodAccessorImpl.java:62) ~[?:1.8.0_221]
	at sun.reflect.DelegatingMethodAccessorImpl.invoke(DelegatingMethodAccessorImpl.java:43) ~[?:1.8.0_221]
	at java.lang.reflect.Method.invoke(Method.java:498) ~[?:1.8.0_221]
	at sun.reflect.misc.Trampoline.invoke(MethodUtil.java:71) ~[?:1.8.0_221]
	at sun.reflect.GeneratedMethodAccessor2.invoke(Unknown Source) ~[?:?]
	at sun.reflect.DelegatingMethodAccessorImpl.invoke(DelegatingMethodAccessorImpl.java:43) ~[?:1.8.0_221]
	at java.lang.reflect.Method.invoke(Method.java:498) ~[?:1.8.0_221]
	at sun.reflect.misc.MethodUtil.invoke(MethodUtil.java:275) ~[?:1.8.0_221]
	at javafx.fxml.FXMLLoader$MethodHandler.invoke(FXMLLoader.java:1769) ~[jfxrt.jar:?]
	... 56 more
Caused by: java.lang.IllegalStateException: Location is not set.
	at javafx.fxml.FXMLLoader.loadImpl(FXMLLoader.java:2434) ~[jfxrt.jar:?]
	at javafx.fxml.FXMLLoader.load(FXMLLoader.java:2409) ~[jfxrt.jar:?]
	at util.MasdjidUtil.loadWindow(MasdjidUtil.java:46) ~[Masdjid.jar:1.0]
	at ui.main.toolbar.ToolbarController.loadAddPersonne(ToolbarController.java:23) ~[Masdjid.jar:1.0]
	at sun.reflect.NativeMethodAccessorImpl.invoke0(Native Method) ~[?:1.8.0_221]
	at sun.reflect.NativeMethodAccessorImpl.invoke(NativeMethodAccessorImpl.java:62) ~[?:1.8.0_221]
	at sun.reflect.DelegatingMethodAccessorImpl.invoke(DelegatingMethodAccessorImpl.java:43) ~[?:1.8.0_221]
	at java.lang.reflect.Method.invoke(Method.java:498) ~[?:1.8.0_221]
	at sun.reflect.misc.Trampoline.invoke(MethodUtil.java:71) ~[?:1.8.0_221]
	at sun.reflect.GeneratedMethodAccessor2.invoke(Unknown Source) ~[?:?]
	at sun.reflect.DelegatingMethodAccessorImpl.invoke(DelegatingMethodAccessorImpl.java:43) ~[?:1.8.0_221]
	at java.lang.reflect.Method.invoke(Method.java:498) ~[?:1.8.0_221]
	at sun.reflect.misc.MethodUtil.invoke(MethodUtil.java:275) ~[?:1.8.0_221]
	at javafx.fxml.FXMLLoader$MethodHandler.invoke(FXMLLoader.java:1769) ~[jfxrt.jar:?]
	... 56 more
2021-05-14 18:43:47.073 [JavaFX Application Thread] ERROR exceptions.DefaultExceptionHandler - Exception occurred {}
java.lang.RuntimeException: java.lang.reflect.InvocationTargetException
	at javafx.fxml.FXMLLoader$MethodHandler.invoke(FXMLLoader.java:1774) ~[jfxrt.jar:?]
	at javafx.fxml.FXMLLoader$ControllerMethodEventHandler.handle(FXMLLoader.java:1657) ~[jfxrt.jar:?]
	at com.sun.javafx.event.CompositeEventHandler.dispatchBubblingEvent(CompositeEventHandler.java:86) ~[jfxrt.jar:?]
	at com.sun.javafx.event.EventHandlerManager.dispatchBubblingEvent(EventHandlerManager.java:238) ~[jfxrt.jar:?]
	at com.sun.javafx.event.EventHandlerManager.dispatchBubblingEvent(EventHandlerManager.java:191) ~[jfxrt.jar:?]
	at com.sun.javafx.event.CompositeEventDispatcher.dispatchBubblingEvent(CompositeEventDispatcher.java:59) ~[jfxrt.jar:?]
	at com.sun.javafx.event.BasicEventDispatcher.dispatchEvent(BasicEventDispatcher.java:58) ~[jfxrt.jar:?]
	at com.sun.javafx.event.EventDispatchChainImpl.dispatchEvent(EventDispatchChainImpl.java:114) ~[jfxrt.jar:?]
	at com.sun.javafx.event.BasicEventDispatcher.dispatchEvent(BasicEventDispatcher.java:56) ~[jfxrt.jar:?]
	at com.sun.javafx.event.EventDispatchChainImpl.dispatchEvent(EventDispatchChainImpl.java:114) ~[jfxrt.jar:?]
	at com.sun.javafx.event.BasicEventDispatcher.dispatchEvent(BasicEventDispatcher.java:56) ~[jfxrt.jar:?]
	at com.sun.javafx.event.EventDispatchChainImpl.dispatchEvent(EventDispatchChainImpl.java:114) ~[jfxrt.jar:?]
	at com.sun.javafx.event.BasicEventDispatcher.dispatchEvent(BasicEventDispatcher.java:56) ~[jfxrt.jar:?]
	at com.sun.javafx.event.EventDispatchChainImpl.dispatchEvent(EventDispatchChainImpl.java:114) ~[jfxrt.jar:?]
	at com.sun.javafx.event.BasicEventDispatcher.dispatchEvent(BasicEventDispatcher.java:56) ~[jfxrt.jar:?]
	at com.sun.javafx.event.EventDispatchChainImpl.dispatchEvent(EventDispatchChainImpl.java:114) ~[jfxrt.jar:?]
	at com.sun.javafx.event.EventUtil.fireEventImpl(EventUtil.java:74) ~[jfxrt.jar:?]
	at com.sun.javafx.event.EventUtil.fireEvent(EventUtil.java:49) ~[jfxrt.jar:?]
	at javafx.event.Event.fireEvent(Event.java:198) ~[jfxrt.jar:?]
	at javafx.scene.Node.fireEvent(Node.java:8411) ~[jfxrt.jar:?]
	at javafx.scene.control.Button.fire(Button.java:185) ~[jfxrt.jar:?]
	at com.sun.javafx.scene.control.behavior.ButtonBehavior.mouseReleased(ButtonBehavior.java:182) ~[jfxrt.jar:?]
	at com.sun.javafx.scene.control.skin.BehaviorSkinBase$1.handle(BehaviorSkinBase.java:96) ~[jfxrt.jar:?]
	at com.sun.javafx.scene.control.skin.BehaviorSkinBase$1.handle(BehaviorSkinBase.java:89) ~[jfxrt.jar:?]
	at com.sun.javafx.event.CompositeEventHandler$NormalEventHandlerRecord.handleBubblingEvent(CompositeEventHandler.java:218) ~[jfxrt.jar:?]
	at com.sun.javafx.event.CompositeEventHandler.dispatchBubblingEvent(CompositeEventHandler.java:80) ~[jfxrt.jar:?]
	at com.sun.javafx.event.EventHandlerManager.dispatchBubblingEvent(EventHandlerManager.java:238) ~[jfxrt.jar:?]
	at com.sun.javafx.event.EventHandlerManager.dispatchBubblingEvent(EventHandlerManager.java:191) ~[jfxrt.jar:?]
	at com.sun.javafx.event.CompositeEventDispatcher.dispatchBubblingEvent(CompositeEventDispatcher.java:59) ~[jfxrt.jar:?]
	at com.sun.javafx.event.BasicEventDispatcher.dispatchEvent(BasicEventDispatcher.java:58) ~[jfxrt.jar:?]
	at com.sun.javafx.event.EventDispatchChainImpl.dispatchEvent(EventDispatchChainImpl.java:114) ~[jfxrt.jar:?]
	at com.sun.javafx.event.BasicEventDispatcher.dispatchEvent(BasicEventDispatcher.java:56) ~[jfxrt.jar:?]
	at com.sun.javafx.event.EventDispatchChainImpl.dispatchEvent(EventDispatchChainImpl.java:114) ~[jfxrt.jar:?]
	at com.sun.javafx.event.BasicEventDispatcher.dispatchEvent(BasicEventDispatcher.java:56) ~[jfxrt.jar:?]
	at com.sun.javafx.event.EventDispatchChainImpl.dispatchEvent(EventDispatchChainImpl.java:114) ~[jfxrt.jar:?]
	at com.sun.javafx.event.BasicEventDispatcher.dispatchEvent(BasicEventDispatcher.java:56) ~[jfxrt.jar:?]
	at com.sun.javafx.event.EventDispatchChainImpl.dispatchEvent(EventDispatchChainImpl.java:114) ~[jfxrt.jar:?]
	at com.sun.javafx.event.BasicEventDispatcher.dispatchEvent(BasicEventDispatcher.java:56) ~[jfxrt.jar:?]
	at com.sun.javafx.event.EventDispatchChainImpl.dispatchEvent(EventDispatchChainImpl.java:114) ~[jfxrt.jar:?]
	at com.sun.javafx.event.EventUtil.fireEventImpl(EventUtil.java:74) ~[jfxrt.jar:?]
	at com.sun.javafx.event.EventUtil.fireEvent(EventUtil.java:54) ~[jfxrt.jar:?]
	at javafx.event.Event.fireEvent(Event.java:198) ~[jfxrt.jar:?]
	at javafx.scene.Scene$MouseHandler.process(Scene.java:3757) ~[jfxrt.jar:?]
	at javafx.scene.Scene$MouseHandler.access$1500(Scene.java:3485) ~[jfxrt.jar:?]
	at javafx.scene.Scene.impl_processMouseEvent(Scene.java:1762) ~[jfxrt.jar:?]
	at javafx.scene.Scene$ScenePeerListener.mouseEvent(Scene.java:2494) ~[jfxrt.jar:?]
	at com.sun.javafx.tk.quantum.GlassViewEventHandler$MouseEventNotification.run(GlassViewEventHandler.java:394) ~[jfxrt.jar:?]
	at com.sun.javafx.tk.quantum.GlassViewEventHandler$MouseEventNotification.run(GlassViewEventHandler.java:295) ~[jfxrt.jar:?]
	at java.security.AccessController.doPrivileged(Native Method) ~[?:1.8.0_221]
	at com.sun.javafx.tk.quantum.GlassViewEventHandler.lambda$handleMouseEvent$2(GlassViewEventHandler.java:432) ~[jfxrt.jar:?]
	at com.sun.javafx.tk.quantum.QuantumToolkit.runWithoutRenderLock(QuantumToolkit.java:410) ~[jfxrt.jar:?]
	at com.sun.javafx.tk.quantum.GlassViewEventHandler.handleMouseEvent(GlassViewEventHandler.java:431) ~[jfxrt.jar:?]
	at com.sun.glass.ui.View.handleMouseEvent(View.java:555) ~[jfxrt.jar:?]
	at com.sun.glass.ui.View.notifyMouse(View.java:937) ~[jfxrt.jar:?]
	at com.sun.glass.ui.win.WinApplication._runLoop(Native Method) ~[jfxrt.jar:?]
	at com.sun.glass.ui.win.WinApplication.lambda$null$3(WinApplication.java:177) ~[jfxrt.jar:?]
	at java.lang.Thread.run(Thread.java:748) [?:1.8.0_221]
Caused by: java.lang.reflect.InvocationTargetException
	at sun.reflect.NativeMethodAccessorImpl.invoke0(Native Method) ~[?:1.8.0_221]
	at sun.reflect.NativeMethodAccessorImpl.invoke(NativeMethodAccessorImpl.java:62) ~[?:1.8.0_221]
	at sun.reflect.DelegatingMethodAccessorImpl.invoke(DelegatingMethodAccessorImpl.java:43) ~[?:1.8.0_221]
	at java.lang.reflect.Method.invoke(Method.java:498) ~[?:1.8.0_221]
	at sun.reflect.misc.Trampoline.invoke(MethodUtil.java:71) ~[?:1.8.0_221]
	at sun.reflect.GeneratedMethodAccessor2.invoke(Unknown Source) ~[?:?]
	at sun.reflect.DelegatingMethodAccessorImpl.invoke(DelegatingMethodAccessorImpl.java:43) ~[?:1.8.0_221]
	at java.lang.reflect.Method.invoke(Method.java:498) ~[?:1.8.0_221]
	at sun.reflect.misc.MethodUtil.invoke(MethodUtil.java:275) ~[?:1.8.0_221]
	at javafx.fxml.FXMLLoader$MethodHandler.invoke(FXMLLoader.java:1769) ~[jfxrt.jar:?]
	... 56 more
Caused by: java.lang.IllegalStateException: Location is not set.
	at javafx.fxml.FXMLLoader.loadImpl(FXMLLoader.java:2434) ~[jfxrt.jar:?]
	at javafx.fxml.FXMLLoader.load(FXMLLoader.java:2409) ~[jfxrt.jar:?]
	at util.MasdjidUtil.loadWindow(MasdjidUtil.java:46) ~[Masdjid.jar:1.0]
	at ui.main.toolbar.ToolbarController.loadAddMateriel(ToolbarController.java:29) ~[Masdjid.jar:1.0]
	at sun.reflect.NativeMethodAccessorImpl.invoke0(Native Method) ~[?:1.8.0_221]
	at sun.reflect.NativeMethodAccessorImpl.invoke(NativeMethodAccessorImpl.java:62) ~[?:1.8.0_221]
	at sun.reflect.DelegatingMethodAccessorImpl.invoke(DelegatingMethodAccessorImpl.java:43) ~[?:1.8.0_221]
	at java.lang.reflect.Method.invoke(Method.java:498) ~[?:1.8.0_221]
	at sun.reflect.misc.Trampoline.invoke(MethodUtil.java:71) ~[?:1.8.0_221]
	at sun.reflect.GeneratedMethodAccessor2.invoke(Unknown Source) ~[?:?]
	at sun.reflect.DelegatingMethodAccessorImpl.invoke(DelegatingMethodAccessorImpl.java:43) ~[?:1.8.0_221]
	at java.lang.reflect.Method.invoke(Method.java:498) ~[?:1.8.0_221]
	at sun.reflect.misc.MethodUtil.invoke(MethodUtil.java:275) ~[?:1.8.0_221]
	at javafx.fxml.FXMLLoader$MethodHandler.invoke(FXMLLoader.java:1769) ~[jfxrt.jar:?]
	... 56 more
2021-05-14 18:43:47.742 [JavaFX Application Thread] ERROR exceptions.DefaultExceptionHandler - Exception occurred {}
java.lang.RuntimeException: java.lang.reflect.InvocationTargetException
	at javafx.fxml.FXMLLoader$MethodHandler.invoke(FXMLLoader.java:1774) ~[jfxrt.jar:?]
	at javafx.fxml.FXMLLoader$ControllerMethodEventHandler.handle(FXMLLoader.java:1657) ~[jfxrt.jar:?]
	at com.sun.javafx.event.CompositeEventHandler.dispatchBubblingEvent(CompositeEventHandler.java:86) ~[jfxrt.jar:?]
	at com.sun.javafx.event.EventHandlerManager.dispatchBubblingEvent(EventHandlerManager.java:238) ~[jfxrt.jar:?]
	at com.sun.javafx.event.EventHandlerManager.dispatchBubblingEvent(EventHandlerManager.java:191) ~[jfxrt.jar:?]
	at com.sun.javafx.event.CompositeEventDispatcher.dispatchBubblingEvent(CompositeEventDispatcher.java:59) ~[jfxrt.jar:?]
	at com.sun.javafx.event.BasicEventDispatcher.dispatchEvent(BasicEventDispatcher.java:58) ~[jfxrt.jar:?]
	at com.sun.javafx.event.EventDispatchChainImpl.dispatchEvent(EventDispatchChainImpl.java:114) ~[jfxrt.jar:?]
	at com.sun.javafx.event.BasicEventDispatcher.dispatchEvent(BasicEventDispatcher.java:56) ~[jfxrt.jar:?]
	at com.sun.javafx.event.EventDispatchChainImpl.dispatchEvent(EventDispatchChainImpl.java:114) ~[jfxrt.jar:?]
	at com.sun.javafx.event.BasicEventDispatcher.dispatchEvent(BasicEventDispatcher.java:56) ~[jfxrt.jar:?]
	at com.sun.javafx.event.EventDispatchChainImpl.dispatchEvent(EventDispatchChainImpl.java:114) ~[jfxrt.jar:?]
	at com.sun.javafx.event.BasicEventDispatcher.dispatchEvent(BasicEventDispatcher.java:56) ~[jfxrt.jar:?]
	at com.sun.javafx.event.EventDispatchChainImpl.dispatchEvent(EventDispatchChainImpl.java:114) ~[jfxrt.jar:?]
	at com.sun.javafx.event.BasicEventDispatcher.dispatchEvent(BasicEventDispatcher.java:56) ~[jfxrt.jar:?]
	at com.sun.javafx.event.EventDispatchChainImpl.dispatchEvent(EventDispatchChainImpl.java:114) ~[jfxrt.jar:?]
	at com.sun.javafx.event.EventUtil.fireEventImpl(EventUtil.java:74) ~[jfxrt.jar:?]
	at com.sun.javafx.event.EventUtil.fireEvent(EventUtil.java:49) ~[jfxrt.jar:?]
	at javafx.event.Event.fireEvent(Event.java:198) ~[jfxrt.jar:?]
	at javafx.scene.Node.fireEvent(Node.java:8411) ~[jfxrt.jar:?]
	at javafx.scene.control.Button.fire(Button.java:185) ~[jfxrt.jar:?]
	at com.sun.javafx.scene.control.behavior.ButtonBehavior.mouseReleased(ButtonBehavior.java:182) ~[jfxrt.jar:?]
	at com.sun.javafx.scene.control.skin.BehaviorSkinBase$1.handle(BehaviorSkinBase.java:96) ~[jfxrt.jar:?]
	at com.sun.javafx.scene.control.skin.BehaviorSkinBase$1.handle(BehaviorSkinBase.java:89) ~[jfxrt.jar:?]
	at com.sun.javafx.event.CompositeEventHandler$NormalEventHandlerRecord.handleBubblingEvent(CompositeEventHandler.java:218) ~[jfxrt.jar:?]
	at com.sun.javafx.event.CompositeEventHandler.dispatchBubblingEvent(CompositeEventHandler.java:80) ~[jfxrt.jar:?]
	at com.sun.javafx.event.EventHandlerManager.dispatchBubblingEvent(EventHandlerManager.java:238) ~[jfxrt.jar:?]
	at com.sun.javafx.event.EventHandlerManager.dispatchBubblingEvent(EventHandlerManager.java:191) ~[jfxrt.jar:?]
	at com.sun.javafx.event.CompositeEventDispatcher.dispatchBubblingEvent(CompositeEventDispatcher.java:59) ~[jfxrt.jar:?]
	at com.sun.javafx.event.BasicEventDispatcher.dispatchEvent(BasicEventDispatcher.java:58) ~[jfxrt.jar:?]
	at com.sun.javafx.event.EventDispatchChainImpl.dispatchEvent(EventDispatchChainImpl.java:114) ~[jfxrt.jar:?]
	at com.sun.javafx.event.BasicEventDispatcher.dispatchEvent(BasicEventDispatcher.java:56) ~[jfxrt.jar:?]
	at com.sun.javafx.event.EventDispatchChainImpl.dispatchEvent(EventDispatchChainImpl.java:114) ~[jfxrt.jar:?]
	at com.sun.javafx.event.BasicEventDispatcher.dispatchEvent(BasicEventDispatcher.java:56) ~[jfxrt.jar:?]
	at com.sun.javafx.event.EventDispatchChainImpl.dispatchEvent(EventDispatchChainImpl.java:114) ~[jfxrt.jar:?]
	at com.sun.javafx.event.BasicEventDispatcher.dispatchEvent(BasicEventDispatcher.java:56) ~[jfxrt.jar:?]
	at com.sun.javafx.event.EventDispatchChainImpl.dispatchEvent(EventDispatchChainImpl.java:114) ~[jfxrt.jar:?]
	at com.sun.javafx.event.BasicEventDispatcher.dispatchEvent(BasicEventDispatcher.java:56) ~[jfxrt.jar:?]
	at com.sun.javafx.event.EventDispatchChainImpl.dispatchEvent(EventDispatchChainImpl.java:114) ~[jfxrt.jar:?]
	at com.sun.javafx.event.EventUtil.fireEventImpl(EventUtil.java:74) ~[jfxrt.jar:?]
	at com.sun.javafx.event.EventUtil.fireEvent(EventUtil.java:54) ~[jfxrt.jar:?]
	at javafx.event.Event.fireEvent(Event.java:198) ~[jfxrt.jar:?]
	at javafx.scene.Scene$MouseHandler.process(Scene.java:3757) ~[jfxrt.jar:?]
	at javafx.scene.Scene$MouseHandler.access$1500(Scene.java:3485) ~[jfxrt.jar:?]
	at javafx.scene.Scene.impl_processMouseEvent(Scene.java:1762) ~[jfxrt.jar:?]
	at javafx.scene.Scene$ScenePeerListener.mouseEvent(Scene.java:2494) ~[jfxrt.jar:?]
	at com.sun.javafx.tk.quantum.GlassViewEventHandler$MouseEventNotification.run(GlassViewEventHandler.java:394) ~[jfxrt.jar:?]
	at com.sun.javafx.tk.quantum.GlassViewEventHandler$MouseEventNotification.run(GlassViewEventHandler.java:295) ~[jfxrt.jar:?]
	at java.security.AccessController.doPrivileged(Native Method) ~[?:1.8.0_221]
	at com.sun.javafx.tk.quantum.GlassViewEventHandler.lambda$handleMouseEvent$2(GlassViewEventHandler.java:432) ~[jfxrt.jar:?]
	at com.sun.javafx.tk.quantum.QuantumToolkit.runWithoutRenderLock(QuantumToolkit.java:410) ~[jfxrt.jar:?]
	at com.sun.javafx.tk.quantum.GlassViewEventHandler.handleMouseEvent(GlassViewEventHandler.java:431) ~[jfxrt.jar:?]
	at com.sun.glass.ui.View.handleMouseEvent(View.java:555) ~[jfxrt.jar:?]
	at com.sun.glass.ui.View.notifyMouse(View.java:937) ~[jfxrt.jar:?]
	at com.sun.glass.ui.win.WinApplication._runLoop(Native Method) ~[jfxrt.jar:?]
	at com.sun.glass.ui.win.WinApplication.lambda$null$3(WinApplication.java:177) ~[jfxrt.jar:?]
	at java.lang.Thread.run(Thread.java:748) [?:1.8.0_221]
Caused by: java.lang.reflect.InvocationTargetException
	at sun.reflect.NativeMethodAccessorImpl.invoke0(Native Method) ~[?:1.8.0_221]
	at sun.reflect.NativeMethodAccessorImpl.invoke(NativeMethodAccessorImpl.java:62) ~[?:1.8.0_221]
	at sun.reflect.DelegatingMethodAccessorImpl.invoke(DelegatingMethodAccessorImpl.java:43) ~[?:1.8.0_221]
	at java.lang.reflect.Method.invoke(Method.java:498) ~[?:1.8.0_221]
	at sun.reflect.misc.Trampoline.invoke(MethodUtil.java:71) ~[?:1.8.0_221]
	at sun.reflect.GeneratedMethodAccessor2.invoke(Unknown Source) ~[?:?]
	at sun.reflect.DelegatingMethodAccessorImpl.invoke(DelegatingMethodAccessorImpl.java:43) ~[?:1.8.0_221]
	at java.lang.reflect.Method.invoke(Method.java:498) ~[?:1.8.0_221]
	at sun.reflect.misc.MethodUtil.invoke(MethodUtil.java:275) ~[?:1.8.0_221]
	at javafx.fxml.FXMLLoader$MethodHandler.invoke(FXMLLoader.java:1769) ~[jfxrt.jar:?]
	... 56 more
Caused by: java.lang.IllegalStateException: Location is not set.
	at javafx.fxml.FXMLLoader.loadImpl(FXMLLoader.java:2434) ~[jfxrt.jar:?]
	at javafx.fxml.FXMLLoader.load(FXMLLoader.java:2409) ~[jfxrt.jar:?]
	at util.MasdjidUtil.loadWindow(MasdjidUtil.java:46) ~[Masdjid.jar:1.0]
	at ui.main.toolbar.ToolbarController.loadPersonneTable(ToolbarController.java:34) ~[Masdjid.jar:1.0]
	at sun.reflect.NativeMethodAccessorImpl.invoke0(Native Method) ~[?:1.8.0_221]
	at sun.reflect.NativeMethodAccessorImpl.invoke(NativeMethodAccessorImpl.java:62) ~[?:1.8.0_221]
	at sun.reflect.DelegatingMethodAccessorImpl.invoke(DelegatingMethodAccessorImpl.java:43) ~[?:1.8.0_221]
	at java.lang.reflect.Method.invoke(Method.java:498) ~[?:1.8.0_221]
	at sun.reflect.misc.Trampoline.invoke(MethodUtil.java:71) ~[?:1.8.0_221]
	at sun.reflect.GeneratedMethodAccessor2.invoke(Unknown Source) ~[?:?]
	at sun.reflect.DelegatingMethodAccessorImpl.invoke(DelegatingMethodAccessorImpl.java:43) ~[?:1.8.0_221]
	at java.lang.reflect.Method.invoke(Method.java:498) ~[?:1.8.0_221]
	at sun.reflect.misc.MethodUtil.invoke(MethodUtil.java:275) ~[?:1.8.0_221]
	at javafx.fxml.FXMLLoader$MethodHandler.invoke(FXMLLoader.java:1769) ~[jfxrt.jar:?]
	... 56 more
2021-05-14 18:45:17.733 [Thread-7] INFO  ui.masdjid.Masdjid - Library Assistant is closing on 14-05-2021 06:43:15 PM. Used for 1621014317733 ms
2021-05-14 18:45:26.084 [main] INFO  ui.masdjid.Masdjid - Masdjid launched on 14-05-2021 06:45:26 PM
2021-05-14 18:45:30.979 [JavaFX Application Thread] INFO  ui.connexion.ConnexionController - User successfully logged in admin
2021-05-14 18:46:20.961 [Thread-7] INFO  ui.masdjid.Masdjid - Library Assistant is closing on 14-05-2021 06:45:26 PM. Used for 1621014380960 ms
2021-05-14 19:44:38.876 [main] INFO  ui.main.Masdjid - Masdjid launched on 14-05-2021 07:44:38 PM
2021-05-14 19:44:42.329 [Thread-7] INFO  ui.main.Masdjid - Library Assistant is closing on 14-05-2021 07:44:38 PM. Used for 1621017882328 ms
2021-05-14 19:47:00.722 [main] INFO  ui.main.Masdjid - Masdjid launched on 14-05-2021 07:47:00 PM
2021-05-14 19:47:06.559 [Thread-7] INFO  ui.main.Masdjid - Library Assistant is closing on 14-05-2021 07:47:00 PM. Used for 1621018026558 ms
2021-05-14 19:47:31.309 [main] INFO  ui.main.Masdjid - Masdjid launched on 14-05-2021 07:47:31 PM
2021-05-14 19:47:36.370 [JavaFX Application Thread] INFO  ui.connexion.ConnexionController - User successfully logged in admin
2021-05-14 19:47:36.405 [Thread-7] INFO  ui.main.Masdjid - Library Assistant is closing on 14-05-2021 07:47:31 PM. Used for 1621018056402 ms
2021-05-14 19:48:36.522 [main] INFO  ui.main.Masdjid - Masdjid launched on 14-05-2021 07:48:36 PM
2021-05-14 19:48:42.764 [JavaFX Application Thread] INFO  ui.connexion.ConnexionController - User successfully logged in admin
2021-05-14 19:48:47.311 [Thread-7] INFO  ui.main.Masdjid - Library Assistant is closing on 14-05-2021 07:48:36 PM. Used for 1621018127310 ms
2021-05-14 19:51:38.063 [main] INFO  ui.main.Masdjid - Masdjid launched on 14-05-2021 07:51:38 PM
2021-05-14 19:51:43.619 [JavaFX Application Thread] INFO  ui.connexion.ConnexionController - User successfully logged in admin
2021-05-14 19:57:21.551 [main] INFO  ui.main.Masdjid - Masdjid launched on 14-05-2021 07:57:21 PM
2021-05-14 19:57:24.837 [Thread-7] INFO  ui.main.Masdjid - Library Assistant is closing on 14-05-2021 07:57:21 PM. Used for 1621018644836 ms
2021-05-14 20:09:08.357 [Thread-10] INFO  ui.main.Masdjid - Library Assistant is closing on 14-05-2021 07:51:38 PM. Used for 1621019348355 ms
2021-05-14 20:18:05.318 [main] INFO  ui.main.Masdjid - Masdjid launched on 14-05-2021 08:18:05 PM
2021-05-14 20:18:10.605 [JavaFX Application Thread] INFO  ui.connexion.ConnexionController - User successfully logged in admin
2021-05-14 20:18:24.927 [Thread-10] INFO  ui.main.Masdjid - Library Assistant is closing on 14-05-2021 08:18:05 PM. Used for 1621019904926 ms
2021-05-14 20:28:12.228 [main] INFO  ui.main.Masdjid - Masdjid launched on 14-05-2021 08:28:12 PM
2021-05-14 20:28:18.142 [JavaFX Application Thread] INFO  ui.connexion.ConnexionController - User successfully logged in admin
2021-05-14 20:28:44.182 [JavaFX Application Thread] ERROR exceptions.DefaultExceptionHandler - Exception occurred {}
java.lang.RuntimeException: java.lang.reflect.InvocationTargetException
	at javafx.fxml.FXMLLoader$MethodHandler.invoke(FXMLLoader.java:1774) ~[jfxrt.jar:?]
	at javafx.fxml.FXMLLoader$ControllerMethodEventHandler.handle(FXMLLoader.java:1657) ~[jfxrt.jar:?]
	at com.sun.javafx.event.CompositeEventHandler.dispatchBubblingEvent(CompositeEventHandler.java:86) ~[jfxrt.jar:?]
	at com.sun.javafx.event.EventHandlerManager.dispatchBubblingEvent(EventHandlerManager.java:238) ~[jfxrt.jar:?]
	at com.sun.javafx.event.EventHandlerManager.dispatchBubblingEvent(EventHandlerManager.java:191) ~[jfxrt.jar:?]
	at com.sun.javafx.event.CompositeEventDispatcher.dispatchBubblingEvent(CompositeEventDispatcher.java:59) ~[jfxrt.jar:?]
	at com.sun.javafx.event.BasicEventDispatcher.dispatchEvent(BasicEventDispatcher.java:58) ~[jfxrt.jar:?]
	at com.sun.javafx.event.EventDispatchChainImpl.dispatchEvent(EventDispatchChainImpl.java:114) ~[jfxrt.jar:?]
	at com.sun.javafx.event.BasicEventDispatcher.dispatchEvent(BasicEventDispatcher.java:56) ~[jfxrt.jar:?]
	at com.sun.javafx.event.EventDispatchChainImpl.dispatchEvent(EventDispatchChainImpl.java:114) ~[jfxrt.jar:?]
	at com.sun.javafx.event.BasicEventDispatcher.dispatchEvent(BasicEventDispatcher.java:56) ~[jfxrt.jar:?]
	at com.sun.javafx.event.EventDispatchChainImpl.dispatchEvent(EventDispatchChainImpl.java:114) ~[jfxrt.jar:?]
	at com.sun.javafx.event.EventUtil.fireEventImpl(EventUtil.java:74) ~[jfxrt.jar:?]
	at com.sun.javafx.event.EventUtil.fireEvent(EventUtil.java:49) ~[jfxrt.jar:?]
	at javafx.event.Event.fireEvent(Event.java:198) ~[jfxrt.jar:?]
	at javafx.scene.Node.fireEvent(Node.java:8411) ~[jfxrt.jar:?]
	at javafx.scene.control.Button.fire(Button.java:185) ~[jfxrt.jar:?]
	at com.sun.javafx.scene.control.behavior.ButtonBehavior.mouseReleased(ButtonBehavior.java:182) ~[jfxrt.jar:?]
	at com.sun.javafx.scene.control.skin.BehaviorSkinBase$1.handle(BehaviorSkinBase.java:96) ~[jfxrt.jar:?]
	at com.sun.javafx.scene.control.skin.BehaviorSkinBase$1.handle(BehaviorSkinBase.java:89) ~[jfxrt.jar:?]
	at com.sun.javafx.event.CompositeEventHandler$NormalEventHandlerRecord.handleBubblingEvent(CompositeEventHandler.java:218) ~[jfxrt.jar:?]
	at com.sun.javafx.event.CompositeEventHandler.dispatchBubblingEvent(CompositeEventHandler.java:80) ~[jfxrt.jar:?]
	at com.sun.javafx.event.EventHandlerManager.dispatchBubblingEvent(EventHandlerManager.java:238) ~[jfxrt.jar:?]
	at com.sun.javafx.event.EventHandlerManager.dispatchBubblingEvent(EventHandlerManager.java:191) ~[jfxrt.jar:?]
	at com.sun.javafx.event.CompositeEventDispatcher.dispatchBubblingEvent(CompositeEventDispatcher.java:59) ~[jfxrt.jar:?]
	at com.sun.javafx.event.BasicEventDispatcher.dispatchEvent(BasicEventDispatcher.java:58) ~[jfxrt.jar:?]
	at com.sun.javafx.event.EventDispatchChainImpl.dispatchEvent(EventDispatchChainImpl.java:114) ~[jfxrt.jar:?]
	at com.sun.javafx.event.BasicEventDispatcher.dispatchEvent(BasicEventDispatcher.java:56) ~[jfxrt.jar:?]
	at com.sun.javafx.event.EventDispatchChainImpl.dispatchEvent(EventDispatchChainImpl.java:114) ~[jfxrt.jar:?]
	at com.sun.javafx.event.BasicEventDispatcher.dispatchEvent(BasicEventDispatcher.java:56) ~[jfxrt.jar:?]
	at com.sun.javafx.event.EventDispatchChainImpl.dispatchEvent(EventDispatchChainImpl.java:114) ~[jfxrt.jar:?]
	at com.sun.javafx.event.EventUtil.fireEventImpl(EventUtil.java:74) ~[jfxrt.jar:?]
	at com.sun.javafx.event.EventUtil.fireEvent(EventUtil.java:54) ~[jfxrt.jar:?]
	at javafx.event.Event.fireEvent(Event.java:198) ~[jfxrt.jar:?]
	at javafx.scene.Scene$MouseHandler.process(Scene.java:3757) ~[jfxrt.jar:?]
	at javafx.scene.Scene$MouseHandler.access$1500(Scene.java:3485) ~[jfxrt.jar:?]
	at javafx.scene.Scene.impl_processMouseEvent(Scene.java:1762) ~[jfxrt.jar:?]
	at javafx.scene.Scene$ScenePeerListener.mouseEvent(Scene.java:2494) ~[jfxrt.jar:?]
	at com.sun.javafx.tk.quantum.GlassViewEventHandler$MouseEventNotification.run(GlassViewEventHandler.java:394) ~[jfxrt.jar:?]
	at com.sun.javafx.tk.quantum.GlassViewEventHandler$MouseEventNotification.run(GlassViewEventHandler.java:295) ~[jfxrt.jar:?]
	at java.security.AccessController.doPrivileged(Native Method) ~[?:1.8.0_221]
	at com.sun.javafx.tk.quantum.GlassViewEventHandler.lambda$handleMouseEvent$2(GlassViewEventHandler.java:432) ~[jfxrt.jar:?]
	at com.sun.javafx.tk.quantum.QuantumToolkit.runWithoutRenderLock(QuantumToolkit.java:410) ~[jfxrt.jar:?]
	at com.sun.javafx.tk.quantum.GlassViewEventHandler.handleMouseEvent(GlassViewEventHandler.java:431) ~[jfxrt.jar:?]
	at com.sun.glass.ui.View.handleMouseEvent(View.java:555) ~[jfxrt.jar:?]
	at com.sun.glass.ui.View.notifyMouse(View.java:937) ~[jfxrt.jar:?]
	at com.sun.glass.ui.win.WinApplication._runLoop(Native Method) ~[jfxrt.jar:?]
	at com.sun.glass.ui.win.WinApplication.lambda$null$3(WinApplication.java:177) ~[jfxrt.jar:?]
	at java.lang.Thread.run(Thread.java:748) [?:1.8.0_221]
Caused by: java.lang.reflect.InvocationTargetException
	at sun.reflect.NativeMethodAccessorImpl.invoke0(Native Method) ~[?:1.8.0_221]
	at sun.reflect.NativeMethodAccessorImpl.invoke(NativeMethodAccessorImpl.java:62) ~[?:1.8.0_221]
	at sun.reflect.DelegatingMethodAccessorImpl.invoke(DelegatingMethodAccessorImpl.java:43) ~[?:1.8.0_221]
	at java.lang.reflect.Method.invoke(Method.java:498) ~[?:1.8.0_221]
	at sun.reflect.misc.Trampoline.invoke(MethodUtil.java:71) ~[?:1.8.0_221]
	at sun.reflect.GeneratedMethodAccessor2.invoke(Unknown Source) ~[?:?]
	at sun.reflect.DelegatingMethodAccessorImpl.invoke(DelegatingMethodAccessorImpl.java:43) ~[?:1.8.0_221]
	at java.lang.reflect.Method.invoke(Method.java:498) ~[?:1.8.0_221]
	at sun.reflect.misc.MethodUtil.invoke(MethodUtil.java:275) ~[?:1.8.0_221]
	at javafx.fxml.FXMLLoader$MethodHandler.invoke(FXMLLoader.java:1769) ~[jfxrt.jar:?]
	... 48 more
Caused by: org.eclipse.persistence.exceptions.DatabaseException: 
Internal Exception: org.sqlite.SQLiteException: [SQLITE_ERROR] SQL error or missing database (no such table: sqlite_sequence)
Error Code: 1
Call: UPDATE sqlite_sequence SET seq = seq + ? WHERE name = ?
	bind => [2 parameters bound]
Query: DataModifyQuery(name="categorie_materiel" sql="UPDATE sqlite_sequence SET seq = seq + ? WHERE name = ?")
	at org.eclipse.persistence.exceptions.DatabaseException.sqlException(DatabaseException.java:340) ~[eclipselink.jar:2.5.2.v20140319-9ad6abd]
	at org.eclipse.persistence.internal.databaseaccess.DatabaseAccessor.basicExecuteCall(DatabaseAccessor.java:682) ~[eclipselink.jar:2.5.2.v20140319-9ad6abd]
	at org.eclipse.persistence.internal.databaseaccess.DatabaseAccessor.executeCall(DatabaseAccessor.java:558) ~[eclipselink.jar:2.5.2.v20140319-9ad6abd]
	at org.eclipse.persistence.internal.sessions.AbstractSession.basicExecuteCall(AbstractSession.java:2002) ~[eclipselink.jar:2.5.2.v20140319-9ad6abd]
	at org.eclipse.persistence.sessions.server.ClientSession.executeCall(ClientSession.java:298) ~[eclipselink.jar:2.5.2.v20140319-9ad6abd]
	at org.eclipse.persistence.internal.queries.DatasourceCallQueryMechanism.executeCall(DatasourceCallQueryMechanism.java:242) ~[eclipselink.jar:2.5.2.v20140319-9ad6abd]
	at org.eclipse.persistence.internal.queries.DatasourceCallQueryMechanism.executeCall(DatasourceCallQueryMechanism.java:228) ~[eclipselink.jar:2.5.2.v20140319-9ad6abd]
	at org.eclipse.persistence.internal.queries.DatasourceCallQueryMechanism.executeNoSelectCall(DatasourceCallQueryMechanism.java:271) ~[eclipselink.jar:2.5.2.v20140319-9ad6abd]
	at org.eclipse.persistence.internal.queries.DatasourceCallQueryMechanism.executeNoSelect(DatasourceCallQueryMechanism.java:251) ~[eclipselink.jar:2.5.2.v20140319-9ad6abd]
	at org.eclipse.persistence.queries.DataModifyQuery.executeDatabaseQuery(DataModifyQuery.java:85) ~[eclipselink.jar:2.5.2.v20140319-9ad6abd]
	at org.eclipse.persistence.queries.DatabaseQuery.execute(DatabaseQuery.java:899) ~[eclipselink.jar:2.5.2.v20140319-9ad6abd]
	at org.eclipse.persistence.internal.sessions.AbstractSession.internalExecuteQuery(AbstractSession.java:3214) ~[eclipselink.jar:2.5.2.v20140319-9ad6abd]
	at org.eclipse.persistence.internal.sessions.AbstractSession.executeQuery(AbstractSession.java:1804) ~[eclipselink.jar:2.5.2.v20140319-9ad6abd]
	at org.eclipse.persistence.internal.sessions.AbstractSession.executeQuery(AbstractSession.java:1786) ~[eclipselink.jar:2.5.2.v20140319-9ad6abd]
	at org.eclipse.persistence.internal.sessions.AbstractSession.executeQuery(AbstractSession.java:1751) ~[eclipselink.jar:2.5.2.v20140319-9ad6abd]
	at org.eclipse.persistence.sequencing.QuerySequence.update(QuerySequence.java:340) ~[eclipselink.jar:2.5.2.v20140319-9ad6abd]
	at org.eclipse.persistence.sequencing.QuerySequence.updateAndSelectSequence(QuerySequence.java:277) ~[eclipselink.jar:2.5.2.v20140319-9ad6abd]
	at org.eclipse.persistence.sequencing.StandardSequence.getGeneratedVector(StandardSequence.java:71) ~[eclipselink.jar:2.5.2.v20140319-9ad6abd]
	at org.eclipse.persistence.sequencing.Sequence.getGeneratedVector(Sequence.java:257) ~[eclipselink.jar:2.5.2.v20140319-9ad6abd]
	at org.eclipse.persistence.internal.sequencing.SequencingManager$Preallocation_Transaction_NoAccessor_State.getNextValue(SequencingManager.java:532) ~[eclipselink.jar:2.5.2.v20140319-9ad6abd]
	at org.eclipse.persistence.internal.sequencing.SequencingManager.getNextValue(SequencingManager.java:1067) ~[eclipselink.jar:2.5.2.v20140319-9ad6abd]
	at org.eclipse.persistence.internal.sequencing.ClientSessionSequencing.getNextValue(ClientSessionSequencing.java:70) ~[eclipselink.jar:2.5.2.v20140319-9ad6abd]
	at org.eclipse.persistence.internal.descriptors.ObjectBuilder.assignSequenceNumber(ObjectBuilder.java:361) ~[eclipselink.jar:2.5.2.v20140319-9ad6abd]
	at org.eclipse.persistence.internal.descriptors.ObjectBuilder.assignSequenceNumber(ObjectBuilder.java:320) ~[eclipselink.jar:2.5.2.v20140319-9ad6abd]
	at org.eclipse.persistence.internal.sessions.UnitOfWorkImpl.assignSequenceNumber(UnitOfWorkImpl.java:486) ~[eclipselink.jar:2.5.2.v20140319-9ad6abd]
	at org.eclipse.persistence.internal.sessions.UnitOfWorkImpl.registerNotRegisteredNewObjectForPersist(UnitOfWorkImpl.java:4290) ~[eclipselink.jar:2.5.2.v20140319-9ad6abd]
	at org.eclipse.persistence.internal.sessions.RepeatableWriteUnitOfWork.registerNotRegisteredNewObjectForPersist(RepeatableWriteUnitOfWork.java:518) ~[eclipselink.jar:2.5.2.v20140319-9ad6abd]
	at org.eclipse.persistence.internal.sessions.UnitOfWorkImpl.registerNewObjectForPersist(UnitOfWorkImpl.java:4235) ~[eclipselink.jar:2.5.2.v20140319-9ad6abd]
	at org.eclipse.persistence.internal.jpa.EntityManagerImpl.persist(EntityManagerImpl.java:496) ~[eclipselink.jar:2.5.2.v20140319-9ad6abd]
	at EntityController.CategorieMaterielJpaController.create(CategorieMaterielJpaController.java:51) ~[Masdjid.jar:1.0]
	at ui.addCategorieMateriel.CategorieMaterielAddController.addCategorieMateriel(CategorieMaterielAddController.java:86) ~[Masdjid.jar:1.0]
	at sun.reflect.NativeMethodAccessorImpl.invoke0(Native Method) ~[?:1.8.0_221]
	at sun.reflect.NativeMethodAccessorImpl.invoke(NativeMethodAccessorImpl.java:62) ~[?:1.8.0_221]
	at sun.reflect.DelegatingMethodAccessorImpl.invoke(DelegatingMethodAccessorImpl.java:43) ~[?:1.8.0_221]
	at java.lang.reflect.Method.invoke(Method.java:498) ~[?:1.8.0_221]
	at sun.reflect.misc.Trampoline.invoke(MethodUtil.java:71) ~[?:1.8.0_221]
	at sun.reflect.GeneratedMethodAccessor2.invoke(Unknown Source) ~[?:?]
	at sun.reflect.DelegatingMethodAccessorImpl.invoke(DelegatingMethodAccessorImpl.java:43) ~[?:1.8.0_221]
	at java.lang.reflect.Method.invoke(Method.java:498) ~[?:1.8.0_221]
	at sun.reflect.misc.MethodUtil.invoke(MethodUtil.java:275) ~[?:1.8.0_221]
	at javafx.fxml.FXMLLoader$MethodHandler.invoke(FXMLLoader.java:1769) ~[jfxrt.jar:?]
	... 48 more
Caused by: org.sqlite.SQLiteException: [SQLITE_ERROR] SQL error or missing database (no such table: sqlite_sequence)
	at org.sqlite.core.DB.newSQLException(DB.java:909) ~[sqlite-jdbc-3.20.1.jar:?]
	at org.sqlite.core.DB.newSQLException(DB.java:921) ~[sqlite-jdbc-3.20.1.jar:?]
	at org.sqlite.core.DB.throwex(DB.java:886) ~[sqlite-jdbc-3.20.1.jar:?]
	at org.sqlite.core.NativeDB.prepare_utf8(Native Method) ~[sqlite-jdbc-3.20.1.jar:?]
	at org.sqlite.core.NativeDB.prepare(NativeDB.java:127) ~[sqlite-jdbc-3.20.1.jar:?]
	at org.sqlite.core.DB.prepare(DB.java:227) ~[sqlite-jdbc-3.20.1.jar:?]
	at org.sqlite.core.CorePreparedStatement.<init>(CorePreparedStatement.java:41) ~[sqlite-jdbc-3.20.1.jar:?]
	at org.sqlite.jdbc3.JDBC3PreparedStatement.<init>(JDBC3PreparedStatement.java:30) ~[sqlite-jdbc-3.20.1.jar:?]
	at org.sqlite.jdbc4.JDBC4PreparedStatement.<init>(JDBC4PreparedStatement.java:19) ~[sqlite-jdbc-3.20.1.jar:?]
	at org.sqlite.jdbc4.JDBC4Connection.prepareStatement(JDBC4Connection.java:48) ~[sqlite-jdbc-3.20.1.jar:?]
	at org.sqlite.jdbc3.JDBC3Connection.prepareStatement(JDBC3Connection.java:263) ~[sqlite-jdbc-3.20.1.jar:?]
	at org.sqlite.jdbc3.JDBC3Connection.prepareStatement(JDBC3Connection.java:235) ~[sqlite-jdbc-3.20.1.jar:?]
	at org.eclipse.persistence.internal.databaseaccess.DatabaseAccessor.prepareStatement(DatabaseAccessor.java:1556) ~[eclipselink.jar:2.5.2.v20140319-9ad6abd]
	at org.eclipse.persistence.internal.databaseaccess.DatabaseAccessor.prepareStatement(DatabaseAccessor.java:1505) ~[eclipselink.jar:2.5.2.v20140319-9ad6abd]
	at org.eclipse.persistence.internal.databaseaccess.DatabaseCall.prepareStatement(DatabaseCall.java:778) ~[eclipselink.jar:2.5.2.v20140319-9ad6abd]
	at org.eclipse.persistence.internal.databaseaccess.DatabaseAccessor.basicExecuteCall(DatabaseAccessor.java:619) ~[eclipselink.jar:2.5.2.v20140319-9ad6abd]
	at org.eclipse.persistence.internal.databaseaccess.DatabaseAccessor.executeCall(DatabaseAccessor.java:558) ~[eclipselink.jar:2.5.2.v20140319-9ad6abd]
	at org.eclipse.persistence.internal.sessions.AbstractSession.basicExecuteCall(AbstractSession.java:2002) ~[eclipselink.jar:2.5.2.v20140319-9ad6abd]
	at org.eclipse.persistence.sessions.server.ClientSession.executeCall(ClientSession.java:298) ~[eclipselink.jar:2.5.2.v20140319-9ad6abd]
	at org.eclipse.persistence.internal.queries.DatasourceCallQueryMechanism.executeCall(DatasourceCallQueryMechanism.java:242) ~[eclipselink.jar:2.5.2.v20140319-9ad6abd]
	at org.eclipse.persistence.internal.queries.DatasourceCallQueryMechanism.executeCall(DatasourceCallQueryMechanism.java:228) ~[eclipselink.jar:2.5.2.v20140319-9ad6abd]
	at org.eclipse.persistence.internal.queries.DatasourceCallQueryMechanism.executeNoSelectCall(DatasourceCallQueryMechanism.java:271) ~[eclipselink.jar:2.5.2.v20140319-9ad6abd]
	at org.eclipse.persistence.internal.queries.DatasourceCallQueryMechanism.executeNoSelect(DatasourceCallQueryMechanism.java:251) ~[eclipselink.jar:2.5.2.v20140319-9ad6abd]
	at org.eclipse.persistence.queries.DataModifyQuery.executeDatabaseQuery(DataModifyQuery.java:85) ~[eclipselink.jar:2.5.2.v20140319-9ad6abd]
	at org.eclipse.persistence.queries.DatabaseQuery.execute(DatabaseQuery.java:899) ~[eclipselink.jar:2.5.2.v20140319-9ad6abd]
	at org.eclipse.persistence.internal.sessions.AbstractSession.internalExecuteQuery(AbstractSession.java:3214) ~[eclipselink.jar:2.5.2.v20140319-9ad6abd]
	at org.eclipse.persistence.internal.sessions.AbstractSession.executeQuery(AbstractSession.java:1804) ~[eclipselink.jar:2.5.2.v20140319-9ad6abd]
	at org.eclipse.persistence.internal.sessions.AbstractSession.executeQuery(AbstractSession.java:1786) ~[eclipselink.jar:2.5.2.v20140319-9ad6abd]
	at org.eclipse.persistence.internal.sessions.AbstractSession.executeQuery(AbstractSession.java:1751) ~[eclipselink.jar:2.5.2.v20140319-9ad6abd]
	at org.eclipse.persistence.sequencing.QuerySequence.update(QuerySequence.java:340) ~[eclipselink.jar:2.5.2.v20140319-9ad6abd]
	at org.eclipse.persistence.sequencing.QuerySequence.updateAndSelectSequence(QuerySequence.java:277) ~[eclipselink.jar:2.5.2.v20140319-9ad6abd]
	at org.eclipse.persistence.sequencing.StandardSequence.getGeneratedVector(StandardSequence.java:71) ~[eclipselink.jar:2.5.2.v20140319-9ad6abd]
	at org.eclipse.persistence.sequencing.Sequence.getGeneratedVector(Sequence.java:257) ~[eclipselink.jar:2.5.2.v20140319-9ad6abd]
	at org.eclipse.persistence.internal.sequencing.SequencingManager$Preallocation_Transaction_NoAccessor_State.getNextValue(SequencingManager.java:532) ~[eclipselink.jar:2.5.2.v20140319-9ad6abd]
	at org.eclipse.persistence.internal.sequencing.SequencingManager.getNextValue(SequencingManager.java:1067) ~[eclipselink.jar:2.5.2.v20140319-9ad6abd]
	at org.eclipse.persistence.internal.sequencing.ClientSessionSequencing.getNextValue(ClientSessionSequencing.java:70) ~[eclipselink.jar:2.5.2.v20140319-9ad6abd]
	at org.eclipse.persistence.internal.descriptors.ObjectBuilder.assignSequenceNumber(ObjectBuilder.java:361) ~[eclipselink.jar:2.5.2.v20140319-9ad6abd]
	at org.eclipse.persistence.internal.descriptors.ObjectBuilder.assignSequenceNumber(ObjectBuilder.java:320) ~[eclipselink.jar:2.5.2.v20140319-9ad6abd]
	at org.eclipse.persistence.internal.sessions.UnitOfWorkImpl.assignSequenceNumber(UnitOfWorkImpl.java:486) ~[eclipselink.jar:2.5.2.v20140319-9ad6abd]
	at org.eclipse.persistence.internal.sessions.UnitOfWorkImpl.registerNotRegisteredNewObjectForPersist(UnitOfWorkImpl.java:4290) ~[eclipselink.jar:2.5.2.v20140319-9ad6abd]
	at org.eclipse.persistence.internal.sessions.RepeatableWriteUnitOfWork.registerNotRegisteredNewObjectForPersist(RepeatableWriteUnitOfWork.java:518) ~[eclipselink.jar:2.5.2.v20140319-9ad6abd]
	at org.eclipse.persistence.internal.sessions.UnitOfWorkImpl.registerNewObjectForPersist(UnitOfWorkImpl.java:4235) ~[eclipselink.jar:2.5.2.v20140319-9ad6abd]
	at org.eclipse.persistence.internal.jpa.EntityManagerImpl.persist(EntityManagerImpl.java:496) ~[eclipselink.jar:2.5.2.v20140319-9ad6abd]
	at EntityController.CategorieMaterielJpaController.create(CategorieMaterielJpaController.java:51) ~[Masdjid.jar:1.0]
	at ui.addCategorieMateriel.CategorieMaterielAddController.addCategorieMateriel(CategorieMaterielAddController.java:86) ~[Masdjid.jar:1.0]
	at sun.reflect.NativeMethodAccessorImpl.invoke0(Native Method) ~[?:1.8.0_221]
	at sun.reflect.NativeMethodAccessorImpl.invoke(NativeMethodAccessorImpl.java:62) ~[?:1.8.0_221]
	at sun.reflect.DelegatingMethodAccessorImpl.invoke(DelegatingMethodAccessorImpl.java:43) ~[?:1.8.0_221]
	at java.lang.reflect.Method.invoke(Method.java:498) ~[?:1.8.0_221]
	at sun.reflect.misc.Trampoline.invoke(MethodUtil.java:71) ~[?:1.8.0_221]
	at sun.reflect.GeneratedMethodAccessor2.invoke(Unknown Source) ~[?:?]
	at sun.reflect.DelegatingMethodAccessorImpl.invoke(DelegatingMethodAccessorImpl.java:43) ~[?:1.8.0_221]
	at java.lang.reflect.Method.invoke(Method.java:498) ~[?:1.8.0_221]
	at sun.reflect.misc.MethodUtil.invoke(MethodUtil.java:275) ~[?:1.8.0_221]
	at javafx.fxml.FXMLLoader$MethodHandler.invoke(FXMLLoader.java:1769) ~[jfxrt.jar:?]
	... 48 more
2021-05-14 20:28:48.780 [Thread-7] INFO  ui.main.Masdjid - Library Assistant is closing on 14-05-2021 08:28:12 PM. Used for 1621020528780 ms
2021-05-14 20:37:29.728 [main] INFO  ui.main.Masdjid - Masdjid launched on 14-05-2021 08:37:29 PM
2021-05-14 20:37:35.114 [JavaFX Application Thread] INFO  ui.connexion.ConnexionController - User successfully logged in admin
2021-05-14 20:38:01.750 [Thread-7] INFO  ui.main.Masdjid - Library Assistant is closing on 14-05-2021 08:37:29 PM. Used for 1621021081750 ms
2021-05-14 20:38:05.914 [main] INFO  ui.main.Masdjid - Masdjid launched on 14-05-2021 08:38:05 PM
2021-05-14 20:38:11.514 [JavaFX Application Thread] INFO  ui.connexion.ConnexionController - User successfully logged in admin
2021-05-14 20:38:44.428 [Thread-7] INFO  ui.main.Masdjid - Library Assistant is closing on 14-05-2021 08:38:05 PM. Used for 1621021124427 ms
2021-05-14 20:38:51.749 [main] INFO  ui.main.Masdjid - Masdjid launched on 14-05-2021 08:38:51 PM
2021-05-14 20:38:56.797 [JavaFX Application Thread] INFO  ui.connexion.ConnexionController - User successfully logged in admin
2021-05-14 20:39:52.911 [Thread-7] INFO  ui.main.Masdjid - Library Assistant is closing on 14-05-2021 08:38:51 PM. Used for 1621021192910 ms
2021-05-14 20:40:01.075 [main] INFO  ui.main.Masdjid - Masdjid launched on 14-05-2021 08:40:01 PM
2021-05-14 20:40:12.200 [JavaFX Application Thread] INFO  ui.connexion.ConnexionController - User successfully logged in admin
2021-05-14 20:40:20.422 [Thread-7] INFO  ui.main.Masdjid - Library Assistant is closing on 14-05-2021 08:40:01 PM. Used for 1621021220420 ms
2021-05-14 23:34:53.866 [main] INFO  ui.main.Masdjid - Masdjid launched on 14-05-2021 11:34:53 PM
2021-05-14 23:35:04.517 [Thread-7] INFO  ui.main.Masdjid - Library Assistant is closing on 14-05-2021 11:34:53 PM. Used for 1621031704516 ms
2021-05-14 23:35:13.148 [main] INFO  ui.main.Masdjid - Masdjid launched on 14-05-2021 11:35:13 PM
2021-05-14 23:35:18.670 [Thread-7] INFO  ui.main.Masdjid - Library Assistant is closing on 14-05-2021 11:35:13 PM. Used for 1621031718670 ms
